{"timestamp": "2025-11-14T11:47:14.021725+00:00", "action": "create", "template_id": "pw-1763120833784", "metadata": {"name": "Playwright Template", "description": ""}}
{"timestamp": "2025-11-14T11:47:23.917263+00:00", "action": "create", "template_id": "cliente-x", "metadata": {"name": "Cliente X", "description": "Formatação específica"}}
{"timestamp": "2025-11-14T11:47:45.298683+00:00", "action": "create", "template_id": "cliente-x", "metadata": {"name": "Cliente X", "description": "Formatação específica"}}
{"timestamp": "2025-11-14T11:47:45.315055+00:00", "action": "delete", "template_id": "cliente-x", "metadata": {}}
{"timestamp": "2025-11-14T12:03:07.180220+00:00", "action": "create", "template_id": "pw-1763121786878", "metadata": {"name": "Playwright Template", "description": ""}}
{"timestamp": "2025-11-14T12:03:07.318345+00:00", "action": "delete", "template_id": "pw-1763121786878", "metadata": {}}
{"timestamp": "2025-11-14T12:03:18.439018+00:00", "action": "create", "template_id": "cliente-x", "metadata": {"name": "Cliente X", "description": "Formatação específica"}}
{"timestamp": "2025-11-14T12:04:03.440332+00:00", "action": "create", "template_id": "cliente-x", "metadata": {"name": "Cliente X", "description": "Formatação específica"}}
{"timestamp": "2025-11-14T12:06:14.529907+00:00", "action": "create", "template_id": "cliente-x", "metadata": {"name": "Cliente X", "description": "Formatação específica"}}
{"timestamp": "2025-11-14T12:06:56.721767+00:00", "action": "create", "template_id": "cliente-x", "metadata": {"name": "Cliente X", "description": "Formatação específica"}}
{"timestamp": "2025-11-14T12:07:24.905179+00:00", "action": "create", "template_id": "cliente-x", "metadata": {"name": "Cliente X", "description": "Formatação específica"}}
{"timestamp": "2025-11-14T12:07:54.258197+00:00", "action": "create", "template_id": "cliente-x", "metadata": {"name": "Cliente X", "description": "Formatação específica"}}
{"timestamp": "2025-11-14T12:08:21.996202+00:00", "action": "create", "template_id": "cliente-x", "metadata": {"name": "Cliente X", "description": "Formatação específica"}}
{"timestamp": "2025-11-14T12:17:03.540557+00:00", "action": "create", "template_id": "pw-1763122623244", "metadata": {"name": "Playwright Template", "description": ""}}
{"timestamp": "2025-11-14T12:17:03.674942+00:00", "action": "delete", "template_id": "pw-1763122623244", "metadata": {}}
{"timestamp": "2025-11-14T12:17:17.626176+00:00", "action": "create", "template_id": "cliente-x", "metadata": {"name": "Cliente X", "description": "Formatação específica"}}
{"timestamp": "2025-11-14T12:19:24.782402+00:00", "action": "create", "template_id": "cliente-x", "metadata": {"name": "Cliente X", "description": "Formatação específica"}}
{"timestamp": "2025-11-14T12:22:02.770129+00:00", "action": "create", "template_id": "cliente-x", "metadata": {"name": "Cliente X", "description": "Formatação específica"}}
{"timestamp": "2025-11-14T12:22:47.341163+00:00", "action": "create", "template_id": "cliente-x", "metadata": {"name": "Cliente X", "description": "Formatação específica"}}
{"timestamp": "2025-11-14T12:23:31.547027+00:00", "action": "create", "template_id": "cliente-x", "metadata": {"name": "Cliente X", "description": "Formatação específica"}}
{"timestamp": "2025-11-14T12:24:00.491844+00:00", "action": "create", "template_id": "cliente-x", "metadata": {"name": "Cliente X", "description": "Formatação específica"}}
{"timestamp": "2025-11-14T12:25:23.392437+00:00", "action": "create", "template_id": "cliente-x", "metadata": {"name": "Cliente X", "description": "Formatação específica"}}
{"timestamp": "2025-11-14T12:26:42.463793+00:00", "action": "create", "template_id": "cliente-x", "metadata": {"name": "Cliente X", "description": "Formatação específica"}}
{"timestamp": "2025-11-14T12:27:27.545026+00:00", "action": "create", "template_id": "cliente-x", "metadata": {"name": "Cliente X", "description": "Formatação específica"}}
{"timestamp": "2025-11-14T12:27:57.801137+00:00", "action": "create", "template_id": "cliente-x", "metadata": {"name": "Cliente X", "description": "Formatação específica"}}
{"timestamp": "2025-11-14T12:30:32.234714+00:00", "action": "create", "template_id": "cliente-x", "metadata": {"name": "Cliente X", "description": "Formatação específica"}}
{"timestamp": "2025-11-14T12:30:38.490740+00:00", "action": "create", "template_id": "cliente-x", "metadata": {"name": "Cliente X", "description": "Formatação específica"}}
{"timestamp": "2025-11-14T12:30:49.506747+00:00", "action": "create", "template_id": "cliente-x", "metadata": {"name": "Cliente X", "description": "Formatação específica"}}
{"timestamp": "2025-11-14T12:30:59.715408+00:00", "action": "create", "template_id": "cliente-x", "metadata": {"name": "Cliente X", "description": "Formatação específica"}}
{"timestamp": "2025-11-14T12:31:35.943838+00:00", "action": "create", "template_id": "cliente-x", "metadata": {"name": "Cliente X", "description": "Formatação específica"}}
{"timestamp": "2025-11-14T12:31:35.963585+00:00", "action": "delete", "template_id": "cliente-x", "metadata": {}}
{"timestamp": "2025-11-14T12:31:44.220237+00:00", "action": "create", "template_id": "cliente-x", "metadata": {"name": "Cliente X", "description": "Formatação específica"}}
{"timestamp": "2025-11-14T12:31:44.284204+00:00", "action": "delete", "template_id": "cliente-x", "metadata": {}}
{"timestamp": "2025-11-14T12:38:20.212283+00:00", "action": "create", "template_id": "cliente-x", "metadata": {"name": "Cliente X", "description": "Formatação específica"}}
{"timestamp": "2025-11-14T12:38:20.235547+00:00", "action": "delete", "template_id": "cliente-x", "metadata": {}}
{"timestamp": "2025-11-14T12:46:03.111526+00:00", "action": "create", "template_id": "cliente-x", "metadata": {"name": "Cliente X", "description": "Formatação específica"}}
{"timestamp": "2025-11-14T12:46:03.138098+00:00", "action": "delete", "template_id": "cliente-x", "metadata": {}}
{"timestamp": "2025-11-14T12:48:22.607200+00:00", "action": "create", "template_id": "cliente-x", "metadata": {"name": "Cliente X", "description": "Formatação específica"}}
{"timestamp": "2025-11-14T12:48:22.623368+00:00", "action": "delete", "template_id": "cliente-x", "metadata": {}}
{"timestamp": "2025-11-14T12:48:35.296953+00:00", "action": "create", "template_id": "cliente-x", "metadata": {"name": "Cliente X", "description": "Formatação específica"}}
{"timestamp": "2025-11-14T12:48:35.315594+00:00", "action": "delete", "template_id": "cliente-x", "metadata": {}}
{"timestamp": "2025-11-14T12:58:25.064400+00:00", "action": "create", "template_id": "cliente-x", "metadata": {"name": "Cliente X", "description": "Formatação específica"}}
{"timestamp": "2025-11-14T12:58:25.092489+00:00", "action": "delete", "template_id": "cliente-x", "metadata": {}}
{"timestamp": "2025-11-14T12:59:15.512595+00:00", "action": "create", "template_id": "cliente-x", "metadata": {"name": "Cliente X", "description": "Formatação específica"}}
{"timestamp": "2025-11-14T12:59:15.529039+00:00", "action": "delete", "template_id": "cliente-x", "metadata": {}}
{"timestamp": "2025-11-14T13:16:45.313211+00:00", "action": "create", "template_id": "cliente-x", "metadata": {"name": "Cliente X", "description": "Formatação específica"}}
{"timestamp": "2025-11-14T13:16:45.331209+00:00", "action": "delete", "template_id": "cliente-x", "metadata": {}}
{"timestamp": "2025-11-14T13:17:34.733171+00:00", "action": "create", "template_id": "cliente-x", "metadata": {"name": "Cliente X", "description": "Formatação específica"}}
{"timestamp": "2025-11-14T13:17:34.748925+00:00", "action": "delete", "template_id": "cliente-x", "metadata": {}}
{"timestamp": "2025-11-14T13:37:05.224043+00:00", "action": "create", "template_id": "cliente-x", "metadata": {"name": "Cliente X", "description": "Formatação específica"}}
{"timestamp": "2025-11-14T13:37:05.244017+00:00", "action": "delete", "template_id": "cliente-x", "metadata": {}}
{"timestamp": "2025-11-14T13:57:41.055280+00:00", "action": "create", "template_id": "pw-1763128660536", "metadata": {"name": "Playwright Template", "description": ""}}
{"timestamp": "2025-11-14T13:57:41.448682+00:00", "action": "delete", "template_id": "pw-1763128660536", "metadata": {}}
{"timestamp": "2025-11-14T13:58:10.665718+00:00", "action": "create", "template_id": "pw-1763128689192", "metadata": {"name": "Playwright Template", "description": ""}}
{"timestamp": "2025-11-14T13:58:11.257015+00:00", "action": "delete", "template_id": "pw-1763128689192", "metadata": {}}
{"timestamp": "2025-11-14T13:58:28.110635+00:00", "action": "create", "template_id": "cliente-x", "metadata": {"name": "Cliente X", "description": "Formatação específica"}}
{"timestamp": "2025-11-14T13:58:28.147588+00:00", "action": "delete", "template_id": "cliente-x", "metadata": {}}
{"timestamp": "2025-11-14T14:47:36.281981+00:00", "action": "create", "template_id": "cliente-x", "metadata": {"name": "Cliente X", "description": "Formatação específica"}}
{"timestamp": "2025-11-14T14:47:36.312217+00:00", "action": "delete", "template_id": "cliente-x", "metadata": {}}
{"timestamp": "2025-11-14T14:48:28.093331+00:00", "action": "create", "template_id": "cliente-x", "metadata": {"name": "Cliente X", "description": "Formatação específica"}}
{"timestamp": "2025-11-14T14:48:28.121243+00:00", "action": "delete", "template_id": "cliente-x", "metadata": {}}
{"timestamp": "2025-11-14T15:40:43.789797+00:00", "action": "create", "template_id": "cliente-x", "metadata": {"name": "Cliente X", "description": "Formatação específica"}}
{"timestamp": "2025-11-14T15:40:43.814368+00:00", "action": "delete", "template_id": "cliente-x", "metadata": {}}
{"timestamp": "2025-11-14T15:43:38.532947+00:00", "action": "create", "template_id": "cliente-x", "metadata": {"name": "Cliente X", "description": "Formatação específica"}}
{"timestamp": "2025-11-14T15:43:38.562377+00:00", "action": "delete", "template_id": "cliente-x", "metadata": {}}
{"timestamp": "2025-11-14T15:44:49.379387+00:00", "action": "create", "template_id": "cliente-x", "metadata": {"name": "Cliente X", "description": "Formatação específica"}}
{"timestamp": "2025-11-14T15:44:50.216461+00:00", "action": "delete", "template_id": "cliente-x", "metadata": {}}
{"timestamp": "2025-11-14T15:49:04.729182+00:00", "action": "create", "template_id": "cliente-x", "metadata": {"name": "Cliente X", "description": "Formatação específica"}}
{"timestamp": "2025-11-14T15:49:04.755588+00:00", "action": "delete", "template_id": "cliente-x", "metadata": {}}
{"timestamp": "2025-11-14T16:03:17.165053+00:00", "action": "create", "template_id": "cliente-x", "metadata": {"name": "Cliente X", "description": "Formatação específica"}}
{"timestamp": "2025-11-14T16:03:17.197814+00:00", "action": "delete", "template_id": "cliente-x", "metadata": {}}
{"timestamp": "2025-11-14T16:08:16.166320+00:00", "action": "create", "template_id": "cliente-x", "metadata": {"name": "Cliente X", "description": "Formatação específica"}}
{"timestamp": "2025-11-14T16:08:16.192737+00:00", "action": "delete", "template_id": "cliente-x", "metadata": {}}
{"timestamp": "2025-11-14T16:08:48.167971+00:00", "action": "create", "template_id": "cliente-x", "metadata": {"name": "Cliente X", "description": "Formatação específica"}}
{"timestamp": "2025-11-14T16:08:48.213771+00:00", "action": "delete", "template_id": "cliente-x", "metadata": {}}
{"timestamp": "2025-11-14T16:09:23.899268+00:00", "action": "create", "template_id": "cliente-x", "metadata": {"name": "Cliente X", "description": "Formatação específica"}}
{"timestamp": "2025-11-14T16:09:23.925590+00:00", "action": "delete", "template_id": "cliente-x", "metadata": {}}
{"timestamp": "2025-11-14T16:10:01.248129+00:00", "action": "create", "template_id": "cliente-x", "metadata": {"name": "Cliente X", "description": "Formatação específica"}}
{"timestamp": "2025-11-14T16:10:01.276092+00:00", "action": "delete", "template_id": "cliente-x", "metadata": {}}
{"timestamp": "2025-11-14T16:20:09.025445+00:00", "action": "create", "template_id": "cliente-x", "metadata": {"name": "Cliente X", "description": "Formatação específica"}}
{"timestamp": "2025-11-14T16:20:09.054765+00:00", "action": "delete", "template_id": "cliente-x", "metadata": {}}
{"timestamp": "2025-11-14T16:20:36.521696+00:00", "action": "create", "template_id": "cliente-x", "metadata": {"name": "Cliente X", "description": "Formatação específica"}}
{"timestamp": "2025-11-14T16:20:36.550896+00:00", "action": "delete", "template_id": "cliente-x", "metadata": {}}
{"timestamp": "2025-11-14T16:21:07.199639+00:00", "action": "create", "template_id": "cliente-x", "metadata": {"name": "Cliente X", "description": "Formatação específica"}}
{"timestamp": "2025-11-14T16:21:07.230723+00:00", "action": "delete", "template_id": "cliente-x", "metadata": {}}
{"timestamp": "2025-11-14T16:28:55.093127+00:00", "action": "create", "template_id": "cliente-x", "metadata": {"name": "Cliente X", "description": "Formatação específica"}}
{"timestamp": "2025-11-14T16:28:55.127514+00:00", "action": "delete", "template_id": "cliente-x", "metadata": {}}
{"timestamp": "2025-11-14T16:34:27.942451+00:00", "action": "create", "template_id": "cliente-x", "metadata": {"name": "Cliente X", "description": "Formatação específica"}}
{"timestamp": "2025-11-14T16:34:27.972383+00:00", "action": "delete", "template_id": "cliente-x", "metadata": {}}
{"timestamp": "2025-11-14T16:35:01.651816+00:00", "action": "create", "template_id": "cliente-x", "metadata": {"name": "Cliente X", "description": "Formatação específica"}}
{"timestamp": "2025-11-14T16:35:01.682088+00:00", "action": "delete", "template_id": "cliente-x", "metadata": {}}
{"timestamp": "2025-11-14T16:42:29.967811+00:00", "action": "create", "template_id": "cliente-x", "metadata": {"name": "Cliente X", "description": "Formatação específica"}}
{"timestamp": "2025-11-14T16:42:29.994310+00:00", "action": "delete", "template_id": "cliente-x", "metadata": {}}
{"timestamp": "2025-11-14T16:44:13.694856+00:00", "action": "create", "template_id": "cliente-y", "metadata": {"name": "Cliente Y", "description": "custom"}}
{"timestamp": "2025-11-14T16:44:26.675427+00:00", "action": "create", "template_id": "cliente-x", "metadata": {"name": "Cliente X", "description": "Formatação específica"}}
{"timestamp": "2025-11-14T16:44:26.702935+00:00", "action": "delete", "template_id": "cliente-x", "metadata": {}}
{"timestamp": "2025-11-14T16:44:26.778335+00:00", "action": "create", "template_id": "cliente-y", "metadata": {"name": "Cliente Y", "description": "custom"}}
{"timestamp": "2025-11-14T16:46:51.137955+00:00", "action": "create", "template_id": "cliente-x", "metadata": {"name": "Cliente X", "description": "Formatação específica"}}
{"timestamp": "2025-11-14T16:46:51.196613+00:00", "action": "delete", "template_id": "cliente-x", "metadata": {}}
{"timestamp": "2025-11-14T16:46:52.315633+00:00", "action": "create", "template_id": "cliente-y", "metadata": {"name": "Cliente Y", "description": "custom"}}
{"timestamp": "2025-11-14T16:51:13.769388+00:00", "action": "update", "template_id": "cliente-q", "metadata": {"name": "Cliente Q+", "description": "Atualizado"}}
{"timestamp": "2025-11-14T16:52:33.116776+00:00", "action": "create", "template_id": "cliente-x", "metadata": {"name": "Cliente X", "description": "Formatação específica"}}
{"timestamp": "2025-11-14T16:52:33.142154+00:00", "action": "delete", "template_id": "cliente-x", "metadata": {}}
{"timestamp": "2025-11-14T16:52:33.219517+00:00", "action": "create", "template_id": "cliente-y", "metadata": {"name": "Cliente Y", "description": "custom"}}
{"timestamp": "2025-11-14T16:52:33.293630+00:00", "action": "update", "template_id": "cliente-q", "metadata": {"name": "Cliente Q+", "description": "Atualizado"}}
{"timestamp": "2025-11-14T16:54:21.397423+00:00", "action": "create", "template_id": "cliente-x", "metadata": {"name": "Cliente X", "description": "Formatação específica"}}
{"timestamp": "2025-11-14T16:54:21.431542+00:00", "action": "delete", "template_id": "cliente-x", "metadata": {}}
{"timestamp": "2025-11-14T16:54:21.507843+00:00", "action": "create", "template_id": "cliente-y", "metadata": {"name": "Cliente Y", "description": "custom"}}
{"timestamp": "2025-11-14T16:54:21.614271+00:00", "action": "update", "template_id": "cliente-q", "metadata": {"name": "Cliente Q+", "description": "Atualizado"}}
{"timestamp": "2025-11-14T17:00:11.975259+00:00", "action": "create", "template_id": "cliente-redirect", "metadata": {"name": "Cliente Redirect", "description": ""}}
{"timestamp": "2025-11-14T17:00:12.021536+00:00", "action": "update", "template_id": "cliente-r", "metadata": {"name": "Cliente R", "description": ""}}
{"timestamp": "2025-11-14T17:00:33.267401+00:00", "action": "create", "template_id": "cliente-x", "metadata": {"name": "Cliente X", "description": "Formatação específica"}}
{"timestamp": "2025-11-14T17:00:33.315470+00:00", "action": "delete", "template_id": "cliente-x", "metadata": {}}
{"timestamp": "2025-11-14T17:00:34.591291+00:00", "action": "create", "template_id": "cliente-y", "metadata": {"name": "Cliente Y", "description": "custom"}}
{"timestamp": "2025-11-14T17:00:34.713267+00:00", "action": "create", "template_id": "cliente-redirect", "metadata": {"name": "Cliente Redirect", "description": ""}}
{"timestamp": "2025-11-14T17:00:34.759000+00:00", "action": "update", "template_id": "cliente-r", "metadata": {"name": "Cliente R", "description": ""}}
{"timestamp": "2025-11-14T17:00:35.951909+00:00", "action": "update", "template_id": "cliente-q", "metadata": {"name": "Cliente Q+", "description": "Atualizado"}}
{"timestamp": "2025-11-14T17:06:43.413609+00:00", "action": "create", "template_id": "cliente-redirect", "metadata": {"name": "Cliente Redirect", "description": ""}}
{"timestamp": "2025-11-14T17:06:43.548305+00:00", "action": "update", "template_id": "cliente-r", "metadata": {"name": "Cliente R", "description": ""}}
{"timestamp": "2025-11-14T17:07:09.446015+00:00", "action": "create", "template_id": "cliente-x", "metadata": {"name": "Cliente X", "description": "Formatação específica"}}
{"timestamp": "2025-11-14T17:07:09.485892+00:00", "action": "delete", "template_id": "cliente-x", "metadata": {}}
{"timestamp": "2025-11-14T17:07:09.779718+00:00", "action": "create", "template_id": "cliente-y", "metadata": {"name": "Cliente Y", "description": "custom"}}
{"timestamp": "2025-11-14T17:07:09.844739+00:00", "action": "create", "template_id": "cliente-redirect", "metadata": {"name": "Cliente Redirect", "description": ""}}
{"timestamp": "2025-11-14T17:07:09.882913+00:00", "action": "update", "template_id": "cliente-r", "metadata": {"name": "Cliente R", "description": ""}}
{"timestamp": "2025-11-14T17:07:09.945869+00:00", "action": "update", "template_id": "cliente-q", "metadata": {"name": "Cliente Q+", "description": "Atualizado"}}
{"timestamp": "2025-11-14T17:11:41.425016+00:00", "action": "create", "template_id": "cliente-redirect", "metadata": {"name": "Cliente Redirect", "description": ""}}
{"timestamp": "2025-11-14T17:11:41.555696+00:00", "action": "update", "template_id": "cliente-r", "metadata": {"name": "Cliente R", "description": ""}}
{"timestamp": "2025-11-14T17:11:41.630482+00:00", "action": "update", "template_id": "cliente-q", "metadata": {"name": "Cliente Q+", "description": "Atualizado"}}
{"timestamp": "2025-11-14T17:12:06.472504+00:00", "action": "create", "template_id": "cliente-x", "metadata": {"name": "Cliente X", "description": "Formatação específica"}}
{"timestamp": "2025-11-14T17:12:06.532916+00:00", "action": "delete", "template_id": "cliente-x", "metadata": {}}
{"timestamp": "2025-11-14T17:12:07.457015+00:00", "action": "create", "template_id": "cliente-y", "metadata": {"name": "Cliente Y", "description": "custom"}}
{"timestamp": "2025-11-14T17:12:07.825080+00:00", "action": "create", "template_id": "cliente-redirect", "metadata": {"name": "Cliente Redirect", "description": ""}}
{"timestamp": "2025-11-14T17:12:07.857307+00:00", "action": "update", "template_id": "cliente-r", "metadata": {"name": "Cliente R", "description": ""}}
{"timestamp": "2025-11-14T17:12:08.019152+00:00", "action": "update", "template_id": "cliente-q", "metadata": {"name": "Cliente Q+", "description": "Atualizado"}}
{"timestamp": "2025-11-14T17:12:45.936382+00:00", "action": "create", "template_id": "cliente-x", "metadata": {"name": "Cliente X", "description": "Formatação específica"}}
{"timestamp": "2025-11-14T17:12:45.967635+00:00", "action": "delete", "template_id": "cliente-x", "metadata": {}}
{"timestamp": "2025-11-14T17:12:46.420497+00:00", "action": "create", "template_id": "cliente-y", "metadata": {"name": "Cliente Y", "description": "custom"}}
{"timestamp": "2025-11-14T17:12:46.534726+00:00", "action": "create", "template_id": "cliente-redirect", "metadata": {"name": "Cliente Redirect", "description": ""}}
{"timestamp": "2025-11-14T17:12:46.660169+00:00", "action": "update", "template_id": "cliente-r", "metadata": {"name": "Cliente R", "description": ""}}
{"timestamp": "2025-11-14T17:12:46.886227+00:00", "action": "update", "template_id": "cliente-q", "metadata": {"name": "Cliente Q+", "description": "Atualizado"}}
{"timestamp": "2025-11-14T17:14:46.676946+00:00", "action": "create", "template_id": "cliente-x", "metadata": {"name": "Cliente X", "description": "Formatação específica"}}
{"timestamp": "2025-11-14T17:14:46.722170+00:00", "action": "delete", "template_id": "cliente-x", "metadata": {}}
{"timestamp": "2025-11-14T17:14:46.949440+00:00", "action": "create", "template_id": "cliente-y", "metadata": {"name": "Cliente Y", "description": "custom"}}
{"timestamp": "2025-11-14T17:14:47.029199+00:00", "action": "create", "template_id": "cliente-redirect", "metadata": {"name": "Cliente Redirect", "description": ""}}
{"timestamp": "2025-11-14T17:14:47.069815+00:00", "action": "update", "template_id": "cliente-r", "metadata": {"name": "Cliente R", "description": ""}}
{"timestamp": "2025-11-14T17:14:47.136870+00:00", "action": "update", "template_id": "cliente-q", "metadata": {"name": "Cliente Q+", "description": "Atualizado"}}
{"timestamp": "2025-11-14T17:15:56.858308+00:00", "action": "create", "template_id": "cliente-x", "metadata": {"name": "Cliente X", "description": "Formatação específica"}}
{"timestamp": "2025-11-14T17:15:56.888716+00:00", "action": "delete", "template_id": "cliente-x", "metadata": {}}
{"timestamp": "2025-11-14T17:15:57.426261+00:00", "action": "create", "template_id": "cliente-y", "metadata": {"name": "Cliente Y", "description": "custom"}}
{"timestamp": "2025-11-14T17:15:57.476161+00:00", "action": "create", "template_id": "cliente-redirect", "metadata": {"name": "Cliente Redirect", "description": ""}}
{"timestamp": "2025-11-14T17:15:57.500141+00:00", "action": "update", "template_id": "cliente-r", "metadata": {"name": "Cliente R", "description": ""}}
{"timestamp": "2025-11-14T17:15:57.584313+00:00", "action": "update", "template_id": "cliente-q", "metadata": {"name": "Cliente Q+", "description": "Atualizado"}}
{"timestamp": "2025-11-14T17:20:31.610804+00:00", "action": "create", "template_id": "cliente-x", "metadata": {"name": "Cliente X", "description": "Formatação específica"}}
{"timestamp": "2025-11-14T17:20:31.637243+00:00", "action": "delete", "template_id": "cliente-x", "metadata": {}}
{"timestamp": "2025-11-14T17:20:31.897384+00:00", "action": "create", "template_id": "cliente-y", "metadata": {"name": "Cliente Y", "description": "custom"}}
{"timestamp": "2025-11-14T17:20:32.031439+00:00", "action": "create", "template_id": "cliente-redirect", "metadata": {"name": "Cliente Redirect", "description": ""}}
{"timestamp": "2025-11-14T17:20:32.058832+00:00", "action": "update", "template_id": "cliente-r", "metadata": {"name": "Cliente R", "description": ""}}
{"timestamp": "2025-11-14T17:20:32.124886+00:00", "action": "update", "template_id": "cliente-q", "metadata": {"name": "Cliente Q+", "description": "Atualizado"}}
{"timestamp": "2025-11-14T17:20:55.310723+00:00", "action": "create", "template_id": "cliente-x", "metadata": {"name": "Cliente X", "description": "Formatação específica"}}
{"timestamp": "2025-11-14T17:20:55.338048+00:00", "action": "delete", "template_id": "cliente-x", "metadata": {}}
{"timestamp": "2025-11-14T17:20:55.480082+00:00", "action": "create", "template_id": "cliente-y", "metadata": {"name": "Cliente Y", "description": "custom"}}
{"timestamp": "2025-11-14T17:20:55.589098+00:00", "action": "create", "template_id": "cliente-redirect", "metadata": {"name": "Cliente Redirect", "description": ""}}
{"timestamp": "2025-11-14T17:20:55.617614+00:00", "action": "update", "template_id": "cliente-r", "metadata": {"name": "Cliente R", "description": ""}}
{"timestamp": "2025-11-14T17:20:55.749260+00:00", "action": "update", "template_id": "cliente-q", "metadata": {"name": "Cliente Q+", "description": "Atualizado"}}
{"timestamp": "2025-11-21T13:28:08.361252+00:00", "action": "create", "template_id": "cliente-x", "metadata": {"name": "Cliente X", "description": "Formatação específica"}}
{"timestamp": "2025-11-21T13:28:08.385300+00:00", "action": "delete", "template_id": "cliente-x", "metadata": {}}
{"timestamp": "2025-11-21T13:28:08.887753+00:00", "action": "create", "template_id": "cliente-y", "metadata": {"name": "Cliente Y", "description": "custom"}}
{"timestamp": "2025-11-21T13:28:08.924739+00:00", "action": "create", "template_id": "cliente-redirect", "metadata": {"name": "Cliente Redirect", "description": ""}}
{"timestamp": "2025-11-21T13:28:08.950978+00:00", "action": "update", "template_id": "cliente-r", "metadata": {"name": "Cliente R", "description": ""}}
{"timestamp": "2025-11-21T13:28:09.139999+00:00", "action": "update", "template_id": "cliente-q", "metadata": {"name": "Cliente Q+", "description": "Atualizado"}}
{"timestamp": "2025-11-21T13:29:12.048851+00:00", "action": "create", "template_id": "cliente-x", "metadata": {"name": "Cliente X", "description": "Formatação específica"}}
{"timestamp": "2025-11-21T13:29:13.666849+00:00", "action": "delete", "template_id": "cliente-x", "metadata": {}}
{"timestamp": "2025-11-21T13:29:13.786539+00:00", "action": "create", "template_id": "cliente-y", "metadata": {"name": "Cliente Y", "description": "custom"}}
{"timestamp": "2025-11-21T13:29:13.821065+00:00", "action": "create", "template_id": "cliente-redirect", "metadata": {"name": "Cliente Redirect", "description": ""}}
{"timestamp": "2025-11-21T13:29:13.836850+00:00", "action": "update", "template_id": "cliente-r", "metadata": {"name": "Cliente R", "description": ""}}
{"timestamp": "2025-11-21T13:29:13.865401+00:00", "action": "update", "template_id": "cliente-q", "metadata": {"name": "Cliente Q+", "description": "Atualizado"}}
{"timestamp": "2025-11-21T13:34:01.218957+00:00", "action": "create", "template_id": "cliente-x", "metadata": {"name": "Cliente X", "description": "Formatação específica"}}
{"timestamp": "2025-11-21T13:34:01.237310+00:00", "action": "delete", "template_id": "cliente-x", "metadata": {}}
{"timestamp": "2025-11-21T13:34:02.106983+00:00", "action": "create", "template_id": "cliente-y", "metadata": {"name": "Cliente Y", "description": "custom"}}
{"timestamp": "2025-11-21T13:34:02.154611+00:00", "action": "create", "template_id": "cliente-redirect", "metadata": {"name": "Cliente Redirect", "description": ""}}
{"timestamp": "2025-11-21T13:34:02.188238+00:00", "action": "update", "template_id": "cliente-r", "metadata": {"name": "Cliente R", "description": ""}}
{"timestamp": "2025-11-21T13:34:02.227112+00:00", "action": "update", "template_id": "cliente-q", "metadata": {"name": "Cliente Q+", "description": "Atualizado"}}
{"timestamp": "2025-11-21T13:42:58.157264+00:00", "action": "create", "template_id": "cliente-x", "metadata": {"name": "Cliente X", "description": "Formatação específica"}}
{"timestamp": "2025-11-21T13:42:58.176121+00:00", "action": "delete", "template_id": "cliente-x", "metadata": {}}
{"timestamp": "2025-11-21T13:42:58.263986+00:00", "action": "create", "template_id": "cliente-y", "metadata": {"name": "Cliente Y", "description": "custom"}}
{"timestamp": "2025-11-21T13:42:58.300496+00:00", "action": "create", "template_id": "cliente-redirect", "metadata": {"name": "Cliente Redirect", "description": ""}}
{"timestamp": "2025-11-21T13:42:58.317422+00:00", "action": "update", "template_id": "cliente-r", "metadata": {"name": "Cliente R", "description": ""}}
{"timestamp": "2025-11-21T13:42:58.404259+00:00", "action": "update", "template_id": "cliente-q", "metadata": {"name": "Cliente Q+", "description": "Atualizado"}}
{"timestamp": "2025-11-21T13:45:21.260640+00:00", "action": "create", "template_id": "pw-1763732720426", "metadata": {"name": "Playwright Template", "description": ""}}
{"timestamp": "2025-11-21T13:45:21.606839+00:00", "action": "delete", "template_id": "pw-1763732720426", "metadata": {}}
{"timestamp": "2025-11-21T13:46:23.436040+00:00", "action": "create", "template_id": "pw-1763732783107", "metadata": {"name": "Playwright Template", "description": ""}}
{"timestamp": "2025-11-21T13:46:23.640844+00:00", "action": "delete", "template_id": "pw-1763732783107", "metadata": {}}
{"timestamp": "2025-11-21T13:49:14.699882+00:00", "action": "create", "template_id": "pw-1763732954409", "metadata": {"name": "Playwright Template", "description": ""}}
{"timestamp": "2025-11-21T13:49:15.736384+00:00", "action": "delete", "template_id": "pw-1763732954409", "metadata": {}}
{"timestamp": "2025-11-21T17:01:17.277080+00:00", "action": "create", "template_id": "cliente-x", "metadata": {"name": "Cliente X", "description": "Formatação específica"}}
{"timestamp": "2025-11-21T17:01:17.303564+00:00", "action": "delete", "template_id": "cliente-x", "metadata": {}}
{"timestamp": "2025-11-21T17:01:17.404096+00:00", "action": "create", "template_id": "cliente-y", "metadata": {"name": "Cliente Y", "description": "custom"}}
{"timestamp": "2025-11-21T17:01:17.443149+00:00", "action": "create", "template_id": "cliente-redirect", "metadata": {"name": "Cliente Redirect", "description": ""}}
{"timestamp": "2025-11-21T17:01:17.460501+00:00", "action": "update", "template_id": "cliente-r", "metadata": {"name": "Cliente R", "description": ""}}
{"timestamp": "2025-11-21T17:01:17.491031+00:00", "action": "update", "template_id": "cliente-q", "metadata": {"name": "Cliente Q+", "description": "Atualizado"}}
{"timestamp": "2025-11-21T17:04:18.433761+00:00", "action": "create", "template_id": "cliente-x", "metadata": {"name": "Cliente X", "description": "Formatação específica"}}
{"timestamp": "2025-11-21T17:04:18.459462+00:00", "action": "delete", "template_id": "cliente-x", "metadata": {}}
{"timestamp": "2025-11-21T17:04:18.547785+00:00", "action": "create", "template_id": "cliente-y", "metadata": {"name": "Cliente Y", "description": "custom"}}
{"timestamp": "2025-11-21T17:04:18.580230+00:00", "action": "create", "template_id": "cliente-redirect", "metadata": {"name": "Cliente Redirect", "description": ""}}
{"timestamp": "2025-11-21T17:04:18.595992+00:00", "action": "update", "template_id": "cliente-r", "metadata": {"name": "Cliente R", "description": ""}}
{"timestamp": "2025-11-21T17:04:18.624693+00:00", "action": "update", "template_id": "cliente-q", "metadata": {"name": "Cliente Q+", "description": "Atualizado"}}
{"timestamp": "2025-11-21T17:16:07.109042+00:00", "action": "create", "template_id": "cliente-x", "metadata": {"name": "Cliente X", "description": "Formatação específica"}}
{"timestamp": "2025-11-21T17:16:07.125708+00:00", "action": "delete", "template_id": "cliente-x", "metadata": {}}
{"timestamp": "2025-11-21T17:16:07.217934+00:00", "action": "create", "template_id": "cliente-y", "metadata": {"name": "Cliente Y", "description": "custom"}}
{"timestamp": "2025-11-21T17:16:07.818449+00:00", "action": "create", "template_id": "cliente-redirect", "metadata": {"name": "Cliente Redirect", "description": ""}}
{"timestamp": "2025-11-21T17:16:07.835283+00:00", "action": "update", "template_id": "cliente-r", "metadata": {"name": "Cliente R", "description": ""}}
{"timestamp": "2025-11-21T17:16:07.863691+00:00", "action": "update", "template_id": "cliente-q", "metadata": {"name": "Cliente Q+", "description": "Atualizado"}}
{"timestamp": "2025-11-21T19:23:16.313202+00:00", "action": "create", "template_id": "cliente-x", "metadata": {"name": "Cliente X", "description": "Formatação específica"}}
{"timestamp": "2025-11-21T19:23:16.330192+00:00", "action": "delete", "template_id": "cliente-x", "metadata": {}}
{"timestamp": "2025-11-21T19:23:16.695290+00:00", "action": "create", "template_id": "cliente-y", "metadata": {"name": "Cliente Y", "description": "custom"}}
{"timestamp": "2025-11-21T19:23:16.729857+00:00", "action": "create", "template_id": "cliente-redirect", "metadata": {"name": "Cliente Redirect", "description": ""}}
{"timestamp": "2025-11-21T19:23:16.755067+00:00", "action": "update", "template_id": "cliente-r", "metadata": {"name": "Cliente R", "description": ""}}
{"timestamp": "2025-11-21T19:23:16.782279+00:00", "action": "update", "template_id": "cliente-q", "metadata": {"name": "Cliente Q+", "description": "Atualizado"}}
{"timestamp": "2025-11-21T19:24:42.899931+00:00", "action": "create", "template_id": "cliente-x", "metadata": {"name": "Cliente X", "description": "Formatação específica"}}
{"timestamp": "2025-11-21T19:24:42.918073+00:00", "action": "delete", "template_id": "cliente-x", "metadata": {}}
{"timestamp": "2025-11-21T19:24:43.001659+00:00", "action": "create", "template_id": "cliente-y", "metadata": {"name": "Cliente Y", "description": "custom"}}
{"timestamp": "2025-11-21T19:24:43.033419+00:00", "action": "create", "template_id": "cliente-redirect", "metadata": {"name": "Cliente Redirect", "description": ""}}
{"timestamp": "2025-11-21T19:24:43.049698+00:00", "action": "update", "template_id": "cliente-r", "metadata": {"name": "Cliente R", "description": ""}}
{"timestamp": "2025-11-21T19:24:43.077629+00:00", "action": "update", "template_id": "cliente-q", "metadata": {"name": "Cliente Q+", "description": "Atualizado"}}
{"timestamp": "2025-11-21T19:27:42.483871+00:00", "action": "create", "template_id": "cliente-x", "metadata": {"name": "Cliente X", "description": "Formatação específica"}}
{"timestamp": "2025-11-21T19:27:42.544658+00:00", "action": "delete", "template_id": "cliente-x", "metadata": {}}
{"timestamp": "2025-11-21T19:27:42.633905+00:00", "action": "create", "template_id": "cliente-y", "metadata": {"name": "Cliente Y", "description": "custom"}}
{"timestamp": "2025-11-21T19:27:42.713485+00:00", "action": "create", "template_id": "cliente-redirect", "metadata": {"name": "Cliente Redirect", "description": ""}}
{"timestamp": "2025-11-21T19:27:42.729036+00:00", "action": "update", "template_id": "cliente-r", "metadata": {"name": "Cliente R", "description": ""}}
{"timestamp": "2025-11-21T19:27:42.758749+00:00", "action": "update", "template_id": "cliente-q", "metadata": {"name": "Cliente Q+", "description": "Atualizado"}}
{"timestamp": "2025-11-21T19:30:50.783069+00:00", "action": "create", "template_id": "cliente-x", "metadata": {"name": "Cliente X", "description": "Formatação específica"}}
{"timestamp": "2025-11-21T19:30:50.801751+00:00", "action": "delete", "template_id": "cliente-x", "metadata": {}}
{"timestamp": "2025-11-21T19:30:50.887571+00:00", "action": "create", "template_id": "cliente-y", "metadata": {"name": "Cliente Y", "description": "custom"}}
{"timestamp": "2025-11-21T19:30:51.765763+00:00", "action": "create", "template_id": "cliente-redirect", "metadata": {"name": "Cliente Redirect", "description": ""}}
{"timestamp": "2025-11-21T19:30:51.783132+00:00", "action": "update", "template_id": "cliente-r", "metadata": {"name": "Cliente R", "description": ""}}
{"timestamp": "2025-11-21T19:30:51.810773+00:00", "action": "update", "template_id": "cliente-q", "metadata": {"name": "Cliente Q+", "description": "Atualizado"}}
{"timestamp": "2025-11-21T19:33:14.265224+00:00", "action": "create", "template_id": "cliente-x", "metadata": {"name": "Cliente X", "description": "Formatação específica"}}
{"timestamp": "2025-11-21T19:33:14.283948+00:00", "action": "delete", "template_id": "cliente-x", "metadata": {}}
{"timestamp": "2025-11-21T19:33:14.406950+00:00", "action": "create", "template_id": "cliente-y", "metadata": {"name": "Cliente Y", "description": "custom"}}
{"timestamp": "2025-11-21T19:33:14.451743+00:00", "action": "create", "template_id": "cliente-redirect", "metadata": {"name": "Cliente Redirect", "description": ""}}
{"timestamp": "2025-11-21T19:33:14.469623+00:00", "action": "update", "template_id": "cliente-r", "metadata": {"name": "Cliente R", "description": ""}}
{"timestamp": "2025-11-21T19:33:14.501379+00:00", "action": "update", "template_id": "cliente-q", "metadata": {"name": "Cliente Q+", "description": "Atualizado"}}
{"timestamp": "2025-11-21T19:35:52.674812+00:00", "action": "create", "template_id": "cliente-x", "metadata": {"name": "Cliente X", "description": "Formatação específica"}}
{"timestamp": "2025-11-21T19:35:52.692705+00:00", "action": "delete", "template_id": "cliente-x", "metadata": {}}
{"timestamp": "2025-11-21T19:35:52.779243+00:00", "action": "create", "template_id": "cliente-y", "metadata": {"name": "Cliente Y", "description": "custom"}}
{"timestamp": "2025-11-21T19:35:52.815806+00:00", "action": "create", "template_id": "cliente-redirect", "metadata": {"name": "Cliente Redirect", "description": ""}}
{"timestamp": "2025-11-21T19:35:52.833029+00:00", "action": "update", "template_id": "cliente-r", "metadata": {"name": "Cliente R", "description": ""}}
{"timestamp": "2025-11-21T19:35:52.863755+00:00", "action": "update", "template_id": "cliente-q", "metadata": {"name": "Cliente Q+", "description": "Atualizado"}}
{"timestamp": "2025-11-21T21:54:45.573953+00:00", "action": "create", "template_id": "pw-1763762085339", "metadata": {"name": "Playwright Template", "description": ""}}
{"timestamp": "2025-11-21T21:54:45.745150+00:00", "action": "delete", "template_id": "pw-1763762085339", "metadata": {}}
{"timestamp": "2025-11-21T21:56:32.144941+00:00", "action": "create", "template_id": "pw-1763762191909", "metadata": {"name": "Playwright Template", "description": ""}}
{"timestamp": "2025-11-21T21:56:32.279101+00:00", "action": "delete", "template_id": "pw-1763762191909", "metadata": {}}
{"timestamp": "2025-11-21T21:57:01.092528+00:00", "action": "create", "template_id": "pw-1763762220819", "metadata": {"name": "Playwright Template", "description": ""}}
{"timestamp": "2025-11-21T21:57:01.259866+00:00", "action": "delete", "template_id": "pw-1763762220819", "metadata": {}}
{"timestamp": "2025-11-21T21:57:32.477730+00:00", "action": "create", "template_id": "pw-1763762252261", "metadata": {"name": "Playwright Template", "description": ""}}
{"timestamp": "2025-11-21T21:57:32.627256+00:00", "action": "delete", "template_id": "pw-1763762252261", "metadata": {}}
{"timestamp": "2025-11-21T21:58:05.042242+00:00", "action": "create", "template_id": "pw-1763762284622", "metadata": {"name": "Playwright Template", "description": ""}}
{"timestamp": "2025-11-21T21:58:05.355473+00:00", "action": "delete", "template_id": "pw-1763762284622", "metadata": {}}
{"timestamp": "2025-11-22T00:33:56.878570+00:00", "action": "create", "template_id": "cliente-x", "metadata": {"name": "Cliente X", "description": "Formatação específica"}}
{"timestamp": "2025-11-22T00:33:56.906921+00:00", "action": "delete", "template_id": "cliente-x", "metadata": {}}
{"timestamp": "2025-11-22T00:33:58.361195+00:00", "action": "create", "template_id": "cliente-y", "metadata": {"name": "Cliente Y", "description": "custom"}}
{"timestamp": "2025-11-22T00:33:58.514837+00:00", "action": "create", "template_id": "cliente-redirect", "metadata": {"name": "Cliente Redirect", "description": ""}}
{"timestamp": "2025-11-22T00:33:58.541515+00:00", "action": "update", "template_id": "cliente-r", "metadata": {"name": "Cliente R", "description": ""}}
{"timestamp": "2025-11-22T00:33:58.582073+00:00", "action": "update", "template_id": "cliente-q", "metadata": {"name": "Cliente Q+", "description": "Atualizado"}}
{"timestamp": "2025-11-22T00:40:20.607988+00:00", "action": "create", "template_id": "cliente-x", "metadata": {"name": "Cliente X", "description": "Formatação específica"}}
{"timestamp": "2025-11-22T00:40:20.636007+00:00", "action": "delete", "template_id": "cliente-x", "metadata": {}}
{"timestamp": "2025-11-22T00:40:20.763982+00:00", "action": "create", "template_id": "cliente-y", "metadata": {"name": "Cliente Y", "description": "custom"}}
{"timestamp": "2025-11-22T00:40:20.797830+00:00", "action": "create", "template_id": "cliente-redirect", "metadata": {"name": "Cliente Redirect", "description": ""}}
{"timestamp": "2025-11-22T00:40:20.814334+00:00", "action": "update", "template_id": "cliente-r", "metadata": {"name": "Cliente R", "description": ""}}
{"timestamp": "2025-11-22T00:40:20.845683+00:00", "action": "update", "template_id": "cliente-q", "metadata": {"name": "Cliente Q+", "description": "Atualizado"}}
{"timestamp": "2025-11-22T00:40:58.245696+00:00", "action": "create", "template_id": "cliente-x", "metadata": {"name": "Cliente X", "description": "Formatação específica"}}
{"timestamp": "2025-11-22T00:40:58.263201+00:00", "action": "delete", "template_id": "cliente-x", "metadata": {}}
{"timestamp": "2025-11-22T00:40:58.441201+00:00", "action": "create", "template_id": "cliente-y", "metadata": {"name": "Cliente Y", "description": "custom"}}
{"timestamp": "2025-11-22T00:40:58.474013+00:00", "action": "create", "template_id": "cliente-redirect", "metadata": {"name": "Cliente Redirect", "description": ""}}
{"timestamp": "2025-11-22T00:40:58.492064+00:00", "action": "update", "template_id": "cliente-r", "metadata": {"name": "Cliente R", "description": ""}}
{"timestamp": "2025-11-22T00:40:58.527360+00:00", "action": "update", "template_id": "cliente-q", "metadata": {"name": "Cliente Q+", "description": "Atualizado"}}
{"timestamp": "2025-11-22T00:41:51.513114+00:00", "action": "create", "template_id": "cliente-x", "metadata": {"name": "Cliente X", "description": "Formatação específica"}}
{"timestamp": "2025-11-22T00:41:51.530102+00:00", "action": "delete", "template_id": "cliente-x", "metadata": {}}
{"timestamp": "2025-11-22T00:41:51.683433+00:00", "action": "create", "template_id": "cliente-y", "metadata": {"name": "Cliente Y", "description": "custom"}}
{"timestamp": "2025-11-22T00:41:51.717782+00:00", "action": "create", "template_id": "cliente-redirect", "metadata": {"name": "Cliente Redirect", "description": ""}}
{"timestamp": "2025-11-22T00:41:51.736083+00:00", "action": "update", "template_id": "cliente-r", "metadata": {"name": "Cliente R", "description": ""}}
{"timestamp": "2025-11-22T00:41:51.769773+00:00", "action": "update", "template_id": "cliente-q", "metadata": {"name": "Cliente Q+", "description": "Atualizado"}}
{"timestamp": "2025-11-22T00:42:31.349046+00:00", "action": "create", "template_id": "cliente-x", "metadata": {"name": "Cliente X", "description": "Formatação específica"}}
{"timestamp": "2025-11-22T00:42:31.366073+00:00", "action": "delete", "template_id": "cliente-x", "metadata": {}}
{"timestamp": "2025-11-22T00:42:31.468755+00:00", "action": "create", "template_id": "cliente-y", "metadata": {"name": "Cliente Y", "description": "custom"}}
{"timestamp": "2025-11-22T00:42:31.504398+00:00", "action": "create", "template_id": "cliente-redirect", "metadata": {"name": "Cliente Redirect", "description": ""}}
{"timestamp": "2025-11-22T00:42:31.521631+00:00", "action": "update", "template_id": "cliente-r", "metadata": {"name": "Cliente R", "description": ""}}
{"timestamp": "2025-11-22T00:42:31.553902+00:00", "action": "update", "template_id": "cliente-q", "metadata": {"name": "Cliente Q+", "description": "Atualizado"}}
{"timestamp": "2025-11-22T00:59:44.880483+00:00", "action": "create", "template_id": "cliente-x", "metadata": {"name": "Cliente X", "description": "Formatação específica"}}
{"timestamp": "2025-11-22T00:59:44.896359+00:00", "action": "delete", "template_id": "cliente-x", "metadata": {}}
{"timestamp": "2025-11-22T00:59:44.993058+00:00", "action": "create", "template_id": "cliente-y", "metadata": {"name": "Cliente Y", "description": "custom"}}
{"timestamp": "2025-11-22T00:59:45.026314+00:00", "action": "create", "template_id": "cliente-redirect", "metadata": {"name": "Cliente Redirect", "description": ""}}
{"timestamp": "2025-11-22T00:59:45.051815+00:00", "action": "update", "template_id": "cliente-r", "metadata": {"name": "Cliente R", "description": ""}}
{"timestamp": "2025-11-22T00:59:45.082444+00:00", "action": "update", "template_id": "cliente-q", "metadata": {"name": "Cliente Q+", "description": "Atualizado"}}
{"timestamp": "2025-11-22T01:02:14.334079+00:00", "action": "create", "template_id": "cliente-x", "metadata": {"name": "Cliente X", "description": "Formatação específica"}}
{"timestamp": "2025-11-22T01:02:14.350736+00:00", "action": "delete", "template_id": "cliente-x", "metadata": {}}
{"timestamp": "2025-11-22T01:02:15.437476+00:00", "action": "create", "template_id": "cliente-y", "metadata": {"name": "Cliente Y", "description": "custom"}}
{"timestamp": "2025-11-22T01:02:15.580774+00:00", "action": "create", "template_id": "cliente-redirect", "metadata": {"name": "Cliente Redirect", "description": ""}}
{"timestamp": "2025-11-22T01:02:15.598171+00:00", "action": "update", "template_id": "cliente-r", "metadata": {"name": "Cliente R", "description": ""}}
{"timestamp": "2025-11-22T01:02:15.629503+00:00", "action": "update", "template_id": "cliente-q", "metadata": {"name": "Cliente Q+", "description": "Atualizado"}}
{"timestamp": "2025-11-22T01:09:35.482555+00:00", "action": "create", "template_id": "cliente-x", "metadata": {"name": "Cliente X", "description": "Formatação específica"}}
{"timestamp": "2025-11-22T01:09:35.498208+00:00", "action": "delete", "template_id": "cliente-x", "metadata": {}}
{"timestamp": "2025-11-22T01:09:35.608027+00:00", "action": "create", "template_id": "cliente-y", "metadata": {"name": "Cliente Y", "description": "custom"}}
{"timestamp": "2025-11-22T01:09:35.655700+00:00", "action": "create", "template_id": "cliente-redirect", "metadata": {"name": "Cliente Redirect", "description": ""}}
{"timestamp": "2025-11-22T01:09:35.677130+00:00", "action": "update", "template_id": "cliente-r", "metadata": {"name": "Cliente R", "description": ""}}
{"timestamp": "2025-11-22T01:09:35.712980+00:00", "action": "update", "template_id": "cliente-q", "metadata": {"name": "Cliente Q+", "description": "Atualizado"}}
{"timestamp": "2025-11-22T01:16:35.361909+00:00", "action": "create", "template_id": "cliente-x", "metadata": {"name": "Cliente X", "description": "Formatação específica"}}
{"timestamp": "2025-11-22T01:16:35.378891+00:00", "action": "delete", "template_id": "cliente-x", "metadata": {}}
{"timestamp": "2025-11-22T01:16:36.073268+00:00", "action": "create", "template_id": "cliente-y", "metadata": {"name": "Cliente Y", "description": "custom"}}
{"timestamp": "2025-11-22T01:16:36.156434+00:00", "action": "create", "template_id": "cliente-redirect", "metadata": {"name": "Cliente Redirect", "description": ""}}
{"timestamp": "2025-11-22T01:16:36.174424+00:00", "action": "update", "template_id": "cliente-r", "metadata": {"name": "Cliente R", "description": ""}}
{"timestamp": "2025-11-22T01:16:36.206438+00:00", "action": "update", "template_id": "cliente-q", "metadata": {"name": "Cliente Q+", "description": "Atualizado"}}
{"timestamp": "2025-11-22T01:24:22.716925+00:00", "action": "create", "template_id": "cliente-x", "metadata": {"name": "Cliente X", "description": "Formatação específica"}}
{"timestamp": "2025-11-22T01:24:22.733098+00:00", "action": "delete", "template_id": "cliente-x", "metadata": {}}
{"timestamp": "2025-11-22T01:24:22.875975+00:00", "action": "create", "template_id": "cliente-y", "metadata": {"name": "Cliente Y", "description": "custom"}}
{"timestamp": "2025-11-22T01:24:22.909079+00:00", "action": "create", "template_id": "cliente-redirect", "metadata": {"name": "Cliente Redirect", "description": ""}}
{"timestamp": "2025-11-22T01:24:22.926953+00:00", "action": "update", "template_id": "cliente-r", "metadata": {"name": "Cliente R", "description": ""}}
{"timestamp": "2025-11-22T01:24:22.975774+00:00", "action": "update", "template_id": "cliente-q", "metadata": {"name": "Cliente Q+", "description": "Atualizado"}}
{"timestamp": "2025-11-22T01:24:59.012895+00:00", "action": "create", "template_id": "cliente-x", "metadata": {"name": "Cliente X", "description": "Formatação específica"}}
{"timestamp": "2025-11-22T01:24:59.029310+00:00", "action": "delete", "template_id": "cliente-x", "metadata": {}}
{"timestamp": "2025-11-22T01:24:59.129678+00:00", "action": "create", "template_id": "cliente-y", "metadata": {"name": "Cliente Y", "description": "custom"}}
{"timestamp": "2025-11-22T01:24:59.162463+00:00", "action": "create", "template_id": "cliente-redirect", "metadata": {"name": "Cliente Redirect", "description": ""}}
{"timestamp": "2025-11-22T01:24:59.180065+00:00", "action": "update", "template_id": "cliente-r", "metadata": {"name": "Cliente R", "description": ""}}
{"timestamp": "2025-11-22T01:24:59.210992+00:00", "action": "update", "template_id": "cliente-q", "metadata": {"name": "Cliente Q+", "description": "Atualizado"}}
{"timestamp": "2025-11-22T01:52:18.745371+00:00", "action": "create", "template_id": "cliente-x", "metadata": {"name": "Cliente X", "description": "Formatação específica"}}
{"timestamp": "2025-11-22T01:52:18.762793+00:00", "action": "delete", "template_id": "cliente-x", "metadata": {}}
{"timestamp": "2025-11-22T01:52:18.863124+00:00", "action": "create", "template_id": "cliente-y", "metadata": {"name": "Cliente Y", "description": "custom"}}
{"timestamp": "2025-11-22T01:52:18.895126+00:00", "action": "create", "template_id": "cliente-redirect", "metadata": {"name": "Cliente Redirect", "description": ""}}
{"timestamp": "2025-11-22T01:52:18.923328+00:00", "action": "update", "template_id": "cliente-r", "metadata": {"name": "Cliente R", "description": ""}}
{"timestamp": "2025-11-22T01:52:18.974202+00:00", "action": "update", "template_id": "cliente-q", "metadata": {"name": "Cliente Q+", "description": "Atualizado"}}
{"timestamp": "2025-11-22T09:33:13.042751+00:00", "action": "create", "template_id": "pw-1763803992620", "metadata": {"name": "Playwright Template", "description": ""}}
{"timestamp": "2025-11-22T09:33:13.316556+00:00", "action": "delete", "template_id": "pw-1763803992620", "metadata": {}}
{"timestamp": "2025-11-22T09:39:21.571822+00:00", "action": "create", "template_id": "cliente-x", "metadata": {"name": "Cliente X", "description": "Formatação específica"}}
{"timestamp": "2025-11-22T09:39:21.590355+00:00", "action": "delete", "template_id": "cliente-x", "metadata": {}}
{"timestamp": "2025-11-22T09:39:21.721812+00:00", "action": "create", "template_id": "cliente-y", "metadata": {"name": "Cliente Y", "description": "custom"}}
{"timestamp": "2025-11-22T09:39:21.757298+00:00", "action": "create", "template_id": "cliente-redirect", "metadata": {"name": "Cliente Redirect", "description": ""}}
{"timestamp": "2025-11-22T09:39:21.778673+00:00", "action": "update", "template_id": "cliente-r", "metadata": {"name": "Cliente R", "description": ""}}
{"timestamp": "2025-11-22T09:39:21.876834+00:00", "action": "update", "template_id": "cliente-q", "metadata": {"name": "Cliente Q+", "description": "Atualizado"}}
{"timestamp": "2025-11-22T09:39:44.227271+00:00", "action": "create", "template_id": "pw-1763804383319", "metadata": {"name": "Playwright Template", "description": ""}}
{"timestamp": "2025-11-22T09:39:44.435968+00:00", "action": "delete", "template_id": "pw-1763804383319", "metadata": {}}
{"timestamp": "2025-11-22T11:20:26.308114+00:00", "action": "create", "template_id": "pw-1763810426002", "metadata": {"name": "Playwright Template", "description": ""}}
{"timestamp": "2025-11-22T11:20:26.468133+00:00", "action": "delete", "template_id": "pw-1763810426002", "metadata": {}}
{"timestamp": "2025-11-22T11:21:43.976456+00:00", "action": "create", "template_id": "cliente-x", "metadata": {"name": "Cliente X", "description": "Formatação específica"}}
{"timestamp": "2025-11-22T11:21:44.004248+00:00", "action": "delete", "template_id": "cliente-x", "metadata": {}}
{"timestamp": "2025-11-22T11:21:44.139995+00:00", "action": "create", "template_id": "cliente-y", "metadata": {"name": "Cliente Y", "description": "custom"}}
{"timestamp": "2025-11-22T11:21:44.173327+00:00", "action": "create", "template_id": "cliente-redirect", "metadata": {"name": "Cliente Redirect", "description": ""}}
{"timestamp": "2025-11-22T11:21:44.200093+00:00", "action": "update", "template_id": "cliente-r", "metadata": {"name": "Cliente R", "description": ""}}
{"timestamp": "2025-11-22T11:21:44.255484+00:00", "action": "update", "template_id": "cliente-q", "metadata": {"name": "Cliente Q+", "description": "Atualizado"}}
{"timestamp": "2025-11-22T16:37:47.413031+00:00", "action": "create", "template_id": "pw-1763829467034", "metadata": {"name": "Playwright Template", "description": ""}}
{"timestamp": "2025-11-22T16:37:47.736744+00:00", "action": "delete", "template_id": "pw-1763829467034", "metadata": {}}
{"timestamp": "2025-11-22T16:38:23.885199+00:00", "action": "create", "template_id": "cliente-x", "metadata": {"name": "Cliente X", "description": "Formatação específica"}}
{"timestamp": "2025-11-22T16:38:23.909816+00:00", "action": "delete", "template_id": "cliente-x", "metadata": {}}
{"timestamp": "2025-11-22T16:38:24.474091+00:00", "action": "create", "template_id": "cliente-y", "metadata": {"name": "Cliente Y", "description": "custom"}}
{"timestamp": "2025-11-22T16:38:24.507721+00:00", "action": "create", "template_id": "cliente-redirect", "metadata": {"name": "Cliente Redirect", "description": ""}}
{"timestamp": "2025-11-22T16:38:24.533116+00:00", "action": "update", "template_id": "cliente-r", "metadata": {"name": "Cliente R", "description": ""}}
{"timestamp": "2025-11-22T16:38:24.573493+00:00", "action": "update", "template_id": "cliente-q", "metadata": {"name": "Cliente Q+", "description": "Atualizado"}}
