{"timestamp": "2025-11-14T00:49:09.756733+00:00", "event": "artifact.download.blocked", "payload": {"job_id": "job-http", "path": "C:\\Users\\User\\AppData\\Local\\Temp\\pytest-of-User\\pytest-182\\test_http_routes_list_detail_r0\\missing.txt", "detail": "Caminho inválido."}}
{"timestamp": "2025-11-14T00:49:09.883859+00:00", "event": "artifact.download.blocked", "payload": {"job_id": null, "path": "C:\\Users\\User\\Desktop\\Nova pasta\\PROJETOS\\Omni Transcribe\\output\\job-download\\file.exe", "detail": "Extensão não permitida."}}
{"timestamp": "2025-11-14T01:26:03.723106+00:00", "event": "artifact.download.blocked", "payload": {"job_id": "job-http", "path": "C:\\Users\\User\\AppData\\Local\\Temp\\pytest-of-User\\pytest-183\\test_http_routes_list_detail_r0\\missing.txt", "detail": "Caminho inválido."}}
{"timestamp": "2025-11-14T01:26:04.051262+00:00", "event": "artifact.download.blocked", "payload": {"job_id": null, "path": "C:\\Users\\User\\Desktop\\Nova pasta\\PROJETOS\\Omni Transcribe\\output\\job-download\\file.exe", "detail": "Extensão não permitida."}}
{"timestamp": "2025-11-14T09:19:39.359649+00:00", "event": "artifact.download.blocked", "payload": {"job_id": "job-http", "path": "C:\\Users\\User\\AppData\\Local\\Temp\\pytest-of-User\\pytest-184\\test_http_routes_list_detail_r0\\missing.txt", "detail": "Caminho inválido."}}
{"timestamp": "2025-11-14T09:19:39.535598+00:00", "event": "artifact.download.blocked", "payload": {"job_id": null, "path": "C:\\Users\\User\\Desktop\\Nova pasta\\PROJETOS\\Omni Transcribe\\output\\job-download\\file.exe", "detail": "Extensão não permitida."}}
{"timestamp": "2025-11-14T09:59:18.180547+00:00", "event": "artifact.download.blocked", "payload": {"job_id": "job-http", "path": "C:\\Users\\User\\AppData\\Local\\Temp\\pytest-of-User\\pytest-185\\test_http_routes_list_detail_r0\\missing.txt", "detail": "Caminho inválido."}}
{"timestamp": "2025-11-14T09:59:18.326652+00:00", "event": "artifact.download.blocked", "payload": {"job_id": null, "path": "C:\\Users\\User\\Desktop\\Nova pasta\\PROJETOS\\Omni Transcribe\\output\\job-download\\file.exe", "detail": "Extensão não permitida."}}
{"timestamp": "2025-11-14T10:13:37.016830+00:00", "event": "artifact.download.blocked", "payload": {"job_id": "job-http", "path": "C:\\Users\\User\\AppData\\Local\\Temp\\pytest-of-User\\pytest-186\\test_http_routes_list_detail_r0\\missing.txt", "detail": "Caminho inválido."}}
{"timestamp": "2025-11-14T10:13:37.194497+00:00", "event": "artifact.download.blocked", "payload": {"job_id": null, "path": "C:\\Users\\User\\Desktop\\Nova pasta\\PROJETOS\\Omni Transcribe\\output\\job-download\\file.exe", "detail": "Extensão não permitida."}}
{"timestamp": "2025-11-14T11:13:12.229991+00:00", "event": "artifact.download.blocked", "payload": {"job_id": "job-http", "path": "C:\\Users\\User\\AppData\\Local\\Temp\\pytest-of-User\\pytest-187\\test_http_routes_list_detail_r0\\missing.txt", "detail": "Caminho inválido."}}
{"timestamp": "2025-11-14T11:13:17.631248+00:00", "event": "artifact.download.blocked", "payload": {"job_id": null, "path": "C:\\Users\\User\\Desktop\\Nova pasta\\PROJETOS\\Omni Transcribe\\output\\job-download\\file.exe", "detail": "Extensão não permitida."}}
{"timestamp": "2025-11-14T11:14:29.008684+00:00", "event": "artifact.download.blocked", "payload": {"job_id": "job-http", "path": "C:\\Users\\User\\AppData\\Local\\Temp\\pytest-of-User\\pytest-191\\test_http_routes_list_detail_r0\\missing.txt", "detail": "Caminho inválido."}}
{"timestamp": "2025-11-14T11:14:29.171331+00:00", "event": "artifact.download.blocked", "payload": {"job_id": null, "path": "C:\\Users\\User\\Desktop\\Nova pasta\\PROJETOS\\Omni Transcribe\\output\\job-download\\file.exe", "detail": "Extensão não permitida."}}
{"timestamp": "2025-11-14T11:27:38.621501+00:00", "event": "artifact.download.blocked", "payload": {"job_id": "job-http", "path": "C:\\Users\\User\\AppData\\Local\\Temp\\pytest-of-User\\pytest-192\\test_http_routes_list_detail_r0\\missing.txt", "detail": "Caminho inválido."}}
{"timestamp": "2025-11-14T11:27:39.039508+00:00", "event": "artifact.download.blocked", "payload": {"job_id": null, "path": "C:\\Users\\User\\Desktop\\Nova pasta\\PROJETOS\\Omni Transcribe\\output\\job-download\\file.exe", "detail": "Extensão não permitida."}}
{"timestamp": "2025-11-14T11:27:59.706134+00:00", "event": "artifact.download.blocked", "payload": {"job_id": "job-http", "path": "C:\\Users\\User\\AppData\\Local\\Temp\\pytest-of-User\\pytest-193\\test_http_routes_list_detail_r0\\missing.txt", "detail": "Caminho inválido."}}
{"timestamp": "2025-11-14T11:27:59.879750+00:00", "event": "artifact.download.blocked", "payload": {"job_id": null, "path": "C:\\Users\\User\\Desktop\\Nova pasta\\PROJETOS\\Omni Transcribe\\output\\job-download\\file.exe", "detail": "Extensão não permitida."}}
{"timestamp": "2025-11-14T11:39:02.289259+00:00", "event": "artifact.download.blocked", "payload": {"job_id": "job-http", "path": "C:\\Users\\User\\AppData\\Local\\Temp\\pytest-of-User\\pytest-194\\test_http_routes_list_detail_r0\\missing.txt", "detail": "Caminho inválido."}}
{"timestamp": "2025-11-14T11:39:02.457502+00:00", "event": "artifact.download.blocked", "payload": {"job_id": null, "path": "C:\\Users\\User\\Desktop\\Nova pasta\\PROJETOS\\Omni Transcribe\\output\\job-download\\file.exe", "detail": "Extensão não permitida."}}
{"timestamp": "2025-11-14T11:47:23.770016+00:00", "event": "artifact.download.blocked", "payload": {"job_id": "job-http", "path": "C:\\Users\\User\\AppData\\Local\\Temp\\pytest-of-User\\pytest-195\\test_http_routes_list_detail_r0\\missing.txt", "detail": "Caminho inválido."}}
{"timestamp": "2025-11-14T11:47:24.217001+00:00", "event": "artifact.download.blocked", "payload": {"job_id": null, "path": "C:\\Users\\User\\Desktop\\Nova pasta\\PROJETOS\\Omni Transcribe\\output\\job-download\\file.exe", "detail": "Extensão não permitida."}}
{"timestamp": "2025-11-14T11:47:45.126551+00:00", "event": "artifact.download.blocked", "payload": {"job_id": "job-http", "path": "C:\\Users\\User\\AppData\\Local\\Temp\\pytest-of-User\\pytest-196\\test_http_routes_list_detail_r0\\missing.txt", "detail": "Caminho inválido."}}
{"timestamp": "2025-11-14T11:47:45.351362+00:00", "event": "artifact.download.blocked", "payload": {"job_id": null, "path": "C:\\Users\\User\\Desktop\\Nova pasta\\PROJETOS\\Omni Transcribe\\output\\job-download\\file.exe", "detail": "Extensão não permitida."}}
{"timestamp": "2025-11-14T12:03:18.241390+00:00", "event": "artifact.download.blocked", "payload": {"job_id": "job-http", "path": "C:\\Users\\User\\AppData\\Local\\Temp\\pytest-of-User\\pytest-197\\test_http_routes_list_detail_r0\\missing.txt", "detail": "Caminho inválido."}}
{"timestamp": "2025-11-14T12:03:19.522517+00:00", "event": "artifact.download.blocked", "payload": {"job_id": null, "path": "C:\\Users\\User\\Desktop\\Nova pasta\\PROJETOS\\Omni Transcribe\\output\\job-download\\file.exe", "detail": "Extensão não permitida."}}
{"timestamp": "2025-11-14T12:04:03.278730+00:00", "event": "artifact.download.blocked", "payload": {"job_id": "job-http", "path": "C:\\Users\\User\\AppData\\Local\\Temp\\pytest-of-User\\pytest-199\\test_http_routes_list_detail_r0\\missing.txt", "detail": "Caminho inválido."}}
{"timestamp": "2025-11-14T12:04:04.161870+00:00", "event": "artifact.download.blocked", "payload": {"job_id": null, "path": "C:\\Users\\User\\Desktop\\Nova pasta\\PROJETOS\\Omni Transcribe\\output\\job-download\\file.exe", "detail": "Extensão não permitida."}}
{"timestamp": "2025-11-14T12:06:13.662027+00:00", "event": "artifact.download.blocked", "payload": {"job_id": "job-http", "path": "C:\\Users\\User\\AppData\\Local\\Temp\\pytest-of-User\\pytest-201\\test_http_routes_list_detail_r0\\missing.txt", "detail": "Caminho inválido."}}
{"timestamp": "2025-11-14T12:06:15.481293+00:00", "event": "artifact.download.blocked", "payload": {"job_id": null, "path": "C:\\Users\\User\\Desktop\\Nova pasta\\PROJETOS\\Omni Transcribe\\output\\job-download\\file.exe", "detail": "Extensão não permitida."}}
{"timestamp": "2025-11-14T12:06:56.556366+00:00", "event": "artifact.download.blocked", "payload": {"job_id": "job-http", "path": "C:\\Users\\User\\AppData\\Local\\Temp\\pytest-of-User\\pytest-202\\test_http_routes_list_detail_r0\\missing.txt", "detail": "Caminho inválido."}}
{"timestamp": "2025-11-14T12:06:57.476093+00:00", "event": "artifact.download.blocked", "payload": {"job_id": null, "path": "C:\\Users\\User\\Desktop\\Nova pasta\\PROJETOS\\Omni Transcribe\\output\\job-download\\file.exe", "detail": "Extensão não permitida."}}
{"timestamp": "2025-11-14T12:07:24.700862+00:00", "event": "artifact.download.blocked", "payload": {"job_id": "job-http", "path": "C:\\Users\\User\\AppData\\Local\\Temp\\pytest-of-User\\pytest-204\\test_http_routes_list_detail_r0\\missing.txt", "detail": "Caminho inválido."}}
{"timestamp": "2025-11-14T12:07:25.604724+00:00", "event": "artifact.download.blocked", "payload": {"job_id": null, "path": "C:\\Users\\User\\Desktop\\Nova pasta\\PROJETOS\\Omni Transcribe\\output\\job-download\\file.exe", "detail": "Extensão não permitida."}}
{"timestamp": "2025-11-14T12:07:54.102723+00:00", "event": "artifact.download.blocked", "payload": {"job_id": "job-http", "path": "C:\\Users\\User\\AppData\\Local\\Temp\\pytest-of-User\\pytest-205\\test_http_routes_list_detail_r0\\missing.txt", "detail": "Caminho inválido."}}
{"timestamp": "2025-11-14T12:07:55.066097+00:00", "event": "artifact.download.blocked", "payload": {"job_id": null, "path": "C:\\Users\\User\\Desktop\\Nova pasta\\PROJETOS\\Omni Transcribe\\output\\job-download\\file.exe", "detail": "Extensão não permitida."}}
{"timestamp": "2025-11-14T12:17:17.444906+00:00", "event": "artifact.download.blocked", "payload": {"job_id": "job-http", "path": "C:\\Users\\User\\AppData\\Local\\Temp\\pytest-of-User\\pytest-207\\test_http_routes_list_detail_r0\\missing.txt", "detail": "Caminho inválido."}}
{"timestamp": "2025-11-14T12:17:18.374782+00:00", "event": "artifact.download.blocked", "payload": {"job_id": null, "path": "C:\\Users\\User\\Desktop\\Nova pasta\\PROJETOS\\Omni Transcribe\\output\\job-download\\file.exe", "detail": "Extensão não permitida."}}
{"timestamp": "2025-11-14T12:25:23.214203+00:00", "event": "artifact.download.blocked", "payload": {"job_id": "job-http", "path": "C:\\Users\\User\\AppData\\Local\\Temp\\pytest-of-User\\pytest-214\\test_http_routes_list_detail_r0\\missing.txt", "detail": "Caminho inválido."}}
{"timestamp": "2025-11-14T12:25:24.303984+00:00", "event": "artifact.download.blocked", "payload": {"job_id": null, "path": "C:\\Users\\User\\Desktop\\Nova pasta\\PROJETOS\\Omni Transcribe\\output\\job-download\\file.exe", "detail": "Extensão não permitida."}}
{"timestamp": "2025-11-14T12:31:43.991657+00:00", "event": "artifact.download.blocked", "payload": {"job_id": "job-http", "path": "C:\\Users\\User\\AppData\\Local\\Temp\\pytest-of-User\\pytest-225\\test_http_routes_list_detail_r0\\missing.txt", "detail": "Caminho inválido."}}
{"timestamp": "2025-11-14T12:31:44.335232+00:00", "event": "artifact.download.blocked", "payload": {"job_id": null, "path": "C:\\Users\\User\\Desktop\\Nova pasta\\PROJETOS\\Omni Transcribe\\output\\job-download\\file.exe", "detail": "Extensão não permitida."}}
{"timestamp": "2025-11-14T12:38:20.030012+00:00", "event": "artifact.download.blocked", "payload": {"job_id": "job-http", "path": "C:\\Users\\User\\AppData\\Local\\Temp\\pytest-of-User\\pytest-226\\test_http_routes_list_detail_r0\\missing.txt", "detail": "Caminho inválido."}}
{"timestamp": "2025-11-14T12:38:20.870999+00:00", "event": "artifact.download.blocked", "payload": {"job_id": null, "path": "C:\\Users\\User\\Desktop\\Nova pasta\\PROJETOS\\Omni Transcribe\\output\\job-download\\file.exe", "detail": "Extensão não permitida."}}
{"timestamp": "2025-11-14T12:46:02.845330+00:00", "event": "artifact.download.blocked", "payload": {"job_id": "job-http", "path": "C:\\Users\\User\\AppData\\Local\\Temp\\pytest-of-User\\pytest-227\\test_http_routes_list_detail_r0\\missing.txt", "detail": "Caminho inválido."}}
{"timestamp": "2025-11-14T12:46:03.191000+00:00", "event": "artifact.download.blocked", "payload": {"job_id": null, "path": "C:\\Users\\User\\Desktop\\Nova pasta\\PROJETOS\\Omni Transcribe\\output\\job-download\\file.exe", "detail": "Extensão não permitida."}}
{"timestamp": "2025-11-14T12:48:35.046748+00:00", "event": "artifact.download.blocked", "payload": {"job_id": "job-http", "path": "C:\\Users\\User\\AppData\\Local\\Temp\\pytest-of-User\\pytest-229\\test_http_routes_list_detail_r0\\missing.txt", "detail": "Caminho inválido."}}
{"timestamp": "2025-11-14T12:48:37.145023+00:00", "event": "artifact.download.blocked", "payload": {"job_id": null, "path": "C:\\Users\\User\\Desktop\\Nova pasta\\PROJETOS\\Omni Transcribe\\output\\job-download\\file.exe", "detail": "Extensão não permitida."}}
{"timestamp": "2025-11-14T12:58:24.407567+00:00", "event": "artifact.download.blocked", "payload": {"job_id": "job-http", "path": "C:\\Users\\User\\AppData\\Local\\Temp\\pytest-of-User\\pytest-230\\test_http_routes_list_detail_r0\\missing.txt", "detail": "Caminho inválido."}}
{"timestamp": "2025-11-14T12:58:25.124441+00:00", "event": "artifact.download.blocked", "payload": {"job_id": null, "path": "C:\\Users\\User\\Desktop\\Nova pasta\\PROJETOS\\Omni Transcribe\\output\\job-download\\file.exe", "detail": "Extensão não permitida."}}
{"timestamp": "2025-11-14T12:59:15.230018+00:00", "event": "artifact.download.blocked", "payload": {"job_id": "job-http", "path": "C:\\Users\\User\\AppData\\Local\\Temp\\pytest-of-User\\pytest-231\\test_http_routes_list_detail_r0\\missing.txt", "detail": "Caminho inválido."}}
{"timestamp": "2025-11-14T12:59:15.560231+00:00", "event": "artifact.download.blocked", "payload": {"job_id": null, "path": "C:\\Users\\User\\Desktop\\Nova pasta\\PROJETOS\\Omni Transcribe\\output\\job-download\\file.exe", "detail": "Extensão não permitida."}}
{"timestamp": "2025-11-14T13:16:43.506765+00:00", "event": "artifact.download.blocked", "payload": {"job_id": null, "path": "C:\\Users\\User\\Desktop\\Nova pasta\\PROJETOS\\Omni Transcribe\\output\\job-http\\job-http_v1.txt", "detail": "Token inválido."}}
{"timestamp": "2025-11-14T13:16:46.669769+00:00", "event": "artifact.download.blocked", "payload": {"job_id": null, "path": "C:\\Users\\User\\Desktop\\Nova pasta\\PROJETOS\\Omni Transcribe\\output\\job-download\\file.exe", "detail": "Extensão não permitida."}}
{"timestamp": "2025-11-14T13:17:34.564502+00:00", "event": "artifact.download.blocked", "payload": {"job_id": "job-http", "path": "C:\\Users\\User\\AppData\\Local\\Temp\\pytest-of-User\\pytest-233\\test_http_routes_list_detail_r0\\missing.txt", "detail": "Caminho inválido."}}
{"timestamp": "2025-11-14T13:17:34.957851+00:00", "event": "artifact.download.blocked", "payload": {"job_id": null, "path": "C:\\Users\\User\\Desktop\\Nova pasta\\PROJETOS\\Omni Transcribe\\output\\job-download\\file.exe", "detail": "Extensão não permitida."}}
{"timestamp": "2025-11-14T13:37:03.084851+00:00", "event": "artifact.download.blocked", "payload": {"job_id": "job-http", "path": "C:\\Users\\User\\AppData\\Local\\Temp\\pytest-of-User\\pytest-234\\test_http_routes_list_detail_r0\\missing.txt", "detail": "Caminho inválido."}}
{"timestamp": "2025-11-14T13:37:05.288147+00:00", "event": "artifact.download.blocked", "payload": {"job_id": null, "path": "C:\\Users\\User\\Desktop\\Nova pasta\\PROJETOS\\Omni Transcribe\\output\\job-download\\file.exe", "detail": "Extensão não permitida."}}
{"timestamp": "2025-11-14T13:50:56.561232+00:00", "event": "artifact.download.blocked", "payload": {"job_id": "job-http", "path": "C:\\Users\\User\\AppData\\Local\\Temp\\pytest-of-User\\pytest-235\\test_http_routes_list_detail_r0\\missing.txt", "detail": "Caminho inválido."}}
{"timestamp": "2025-11-14T13:58:27.387546+00:00", "event": "artifact.download.blocked", "payload": {"job_id": "job-http", "path": "C:\\Users\\User\\AppData\\Local\\Temp\\pytest-of-User\\pytest-236\\test_http_routes_list_detail_r0\\missing.txt", "detail": "Caminho inválido."}}
{"timestamp": "2025-11-14T13:58:28.206403+00:00", "event": "artifact.download.blocked", "payload": {"job_id": null, "path": "C:\\Users\\User\\Desktop\\Nova pasta\\PROJETOS\\Omni Transcribe\\output\\job-download\\file.exe", "detail": "Extensão não permitida."}}
{"timestamp": "2025-11-14T14:47:34.989907+00:00", "event": "artifact.download.blocked", "payload": {"job_id": "job-http", "path": "C:\\Users\\User\\AppData\\Local\\Temp\\pytest-of-User\\pytest-237\\test_http_routes_list_detail_r0\\missing.txt", "detail": "Caminho inválido."}}
{"timestamp": "2025-11-14T14:47:36.434806+00:00", "event": "artifact.download.blocked", "payload": {"job_id": null, "path": "C:\\Users\\User\\Desktop\\Nova pasta\\PROJETOS\\Omni Transcribe\\output\\job-download\\file.exe", "detail": "Extensão não permitida."}}
{"timestamp": "2025-11-14T14:48:27.789295+00:00", "event": "artifact.download.blocked", "payload": {"job_id": "job-http", "path": "C:\\Users\\User\\AppData\\Local\\Temp\\pytest-of-User\\pytest-238\\test_http_routes_list_detail_r0\\missing.txt", "detail": "Caminho inválido."}}
{"timestamp": "2025-11-14T14:48:28.229442+00:00", "event": "artifact.download.blocked", "payload": {"job_id": null, "path": "C:\\Users\\User\\Desktop\\Nova pasta\\PROJETOS\\Omni Transcribe\\output\\job-download\\file.exe", "detail": "Extensão não permitida."}}
{"timestamp": "2025-11-14T15:38:43.889591+00:00", "event": "artifact.download.blocked", "payload": {"job_id": null, "path": "C:\\Users\\User\\Desktop\\Nova pasta\\PROJETOS\\Omni Transcribe\\output\\job-rate\\file.txt", "detail": "Limite de downloads excedido."}}
{"timestamp": "2025-11-14T15:40:43.444186+00:00", "event": "artifact.download.blocked", "payload": {"job_id": "job-http", "path": "C:\\Users\\User\\AppData\\Local\\Temp\\pytest-of-User\\pytest-250\\test_http_routes_list_detail_r0\\missing.txt", "detail": "Caminho inválido."}}
{"timestamp": "2025-11-14T15:40:43.869449+00:00", "event": "artifact.download.blocked", "payload": {"job_id": null, "path": "C:\\Users\\User\\Desktop\\Nova pasta\\PROJETOS\\Omni Transcribe\\output\\job-download\\file.exe", "detail": "Extensão não permitida."}}
{"timestamp": "2025-11-14T15:40:43.917559+00:00", "event": "artifact.download.blocked", "payload": {"job_id": null, "path": "C:\\Users\\User\\Desktop\\Nova pasta\\PROJETOS\\Omni Transcribe\\output\\job-rate\\file.txt", "detail": "Limite de downloads excedido."}}
{"timestamp": "2025-11-14T15:43:38.226492+00:00", "event": "artifact.download.blocked", "payload": {"job_id": "job-http", "path": "C:\\Users\\User\\AppData\\Local\\Temp\\pytest-of-User\\pytest-252\\test_http_routes_list_detail_r0\\missing.txt", "detail": "Caminho inválido."}}
{"timestamp": "2025-11-14T15:43:38.626025+00:00", "event": "artifact.download.blocked", "payload": {"job_id": null, "path": "C:\\Users\\User\\Desktop\\Nova pasta\\PROJETOS\\Omni Transcribe\\output\\job-download\\file.exe", "detail": "Extensão não permitida."}}
{"timestamp": "2025-11-14T15:43:39.525698+00:00", "event": "artifact.download.blocked", "payload": {"job_id": null, "path": "C:\\Users\\User\\Desktop\\Nova pasta\\PROJETOS\\Omni Transcribe\\output\\job-rate\\file.txt", "detail": "Limite de downloads excedido."}}
{"timestamp": "2025-11-14T15:44:48.973702+00:00", "event": "artifact.download.blocked", "payload": {"job_id": "job-http", "path": "C:\\Users\\User\\AppData\\Local\\Temp\\pytest-of-User\\pytest-254\\test_http_routes_list_detail_r0\\missing.txt", "detail": "Caminho inválido."}}
{"timestamp": "2025-11-14T15:44:50.307759+00:00", "event": "artifact.download.blocked", "payload": {"job_id": null, "path": "C:\\Users\\User\\Desktop\\Nova pasta\\PROJETOS\\Omni Transcribe\\output\\job-download\\file.exe", "detail": "Extensão não permitida."}}
{"timestamp": "2025-11-14T15:44:50.393959+00:00", "event": "artifact.download.blocked", "payload": {"job_id": null, "path": "C:\\Users\\User\\Desktop\\Nova pasta\\PROJETOS\\Omni Transcribe\\output\\job-rate\\file.txt", "detail": "Limite de downloads excedido."}}
{"timestamp": "2025-11-14T15:49:04.319713+00:00", "event": "artifact.download.blocked", "payload": {"job_id": "job-http", "path": "C:\\Users\\User\\AppData\\Local\\Temp\\pytest-of-User\\pytest-257\\test_http_routes_list_detail_r0\\missing.txt", "detail": "Caminho inválido."}}
{"timestamp": "2025-11-14T15:49:04.895201+00:00", "event": "artifact.download.blocked", "payload": {"job_id": null, "path": "C:\\Users\\User\\Desktop\\Nova pasta\\PROJETOS\\Omni Transcribe\\output\\job-download\\file.exe", "detail": "Extensão não permitida."}}
{"timestamp": "2025-11-14T15:49:05.179938+00:00", "event": "artifact.download.blocked", "payload": {"job_id": null, "path": "C:\\Users\\User\\Desktop\\Nova pasta\\PROJETOS\\Omni Transcribe\\output\\job-rate\\file.txt", "detail": "Limite de downloads excedido."}}
{"timestamp": "2025-11-14T16:03:15.902927+00:00", "event": "artifact.download.blocked", "payload": {"job_id": "job-http", "path": "C:\\Users\\User\\AppData\\Local\\Temp\\pytest-of-User\\pytest-263\\test_http_routes_list_detail_r0\\missing.txt", "detail": "Caminho inválido."}}
{"timestamp": "2025-11-14T16:03:17.252022+00:00", "event": "artifact.download.blocked", "payload": {"job_id": null, "path": "C:\\Users\\User\\Desktop\\Nova pasta\\PROJETOS\\Omni Transcribe\\output\\job-download\\file.exe", "detail": "Extensão não permitida."}}
{"timestamp": "2025-11-14T16:03:17.304517+00:00", "event": "artifact.download.blocked", "payload": {"job_id": null, "path": "C:\\Users\\User\\Desktop\\Nova pasta\\PROJETOS\\Omni Transcribe\\output\\job-rate\\file.txt", "detail": "Limite de downloads excedido."}}
{"timestamp": "2025-11-14T16:08:14.979829+00:00", "event": "artifact.download.blocked", "payload": {"job_id": "job-http", "path": "C:\\Users\\User\\AppData\\Local\\Temp\\pytest-of-User\\pytest-265\\test_http_routes_list_detail_r0\\missing.txt", "detail": "Caminho inválido."}}
{"timestamp": "2025-11-14T16:08:16.247013+00:00", "event": "artifact.download.blocked", "payload": {"job_id": null, "path": "C:\\Users\\User\\Desktop\\Nova pasta\\PROJETOS\\Omni Transcribe\\output\\job-download\\file.exe", "detail": "Extensão não permitida."}}
{"timestamp": "2025-11-14T16:08:16.308749+00:00", "event": "artifact.download.blocked", "payload": {"job_id": null, "path": "C:\\Users\\User\\Desktop\\Nova pasta\\PROJETOS\\Omni Transcribe\\output\\job-rate\\file.txt", "detail": "Limite de downloads excedido."}}
{"timestamp": "2025-11-14T16:08:47.420360+00:00", "event": "artifact.download.blocked", "payload": {"job_id": "job-http", "path": "C:\\Users\\User\\AppData\\Local\\Temp\\pytest-of-User\\pytest-267\\test_http_routes_list_detail_r0\\missing.txt", "detail": "Caminho inválido."}}
{"timestamp": "2025-11-14T16:08:48.355403+00:00", "event": "artifact.download.blocked", "payload": {"job_id": null, "path": "C:\\Users\\User\\Desktop\\Nova pasta\\PROJETOS\\Omni Transcribe\\output\\job-download\\file.exe", "detail": "Extensão não permitida."}}
{"timestamp": "2025-11-14T16:08:48.423708+00:00", "event": "artifact.download.blocked", "payload": {"job_id": null, "path": "C:\\Users\\User\\Desktop\\Nova pasta\\PROJETOS\\Omni Transcribe\\output\\job-rate\\file.txt", "detail": "Limite de downloads excedido."}}
{"timestamp": "2025-11-14T16:09:23.608541+00:00", "event": "artifact.download.blocked", "payload": {"job_id": "job-http", "path": "C:\\Users\\User\\AppData\\Local\\Temp\\pytest-of-User\\pytest-269\\test_http_routes_list_detail_r0\\missing.txt", "detail": "Caminho inválido."}}
{"timestamp": "2025-11-14T16:09:23.980719+00:00", "event": "artifact.download.blocked", "payload": {"job_id": null, "path": "C:\\Users\\User\\Desktop\\Nova pasta\\PROJETOS\\Omni Transcribe\\output\\job-download\\file.exe", "detail": "Extensão não permitida."}}
{"timestamp": "2025-11-14T16:09:24.065736+00:00", "event": "artifact.download.blocked", "payload": {"job_id": null, "path": "C:\\Users\\User\\Desktop\\Nova pasta\\PROJETOS\\Omni Transcribe\\output\\job-rate\\file.txt", "detail": "Limite de downloads excedido."}}
{"timestamp": "2025-11-14T16:10:00.901068+00:00", "event": "artifact.download.blocked", "payload": {"job_id": "job-http", "path": "C:\\Users\\User\\AppData\\Local\\Temp\\pytest-of-User\\pytest-271\\test_http_routes_list_detail_r0\\missing.txt", "detail": "Caminho inválido."}}
{"timestamp": "2025-11-14T16:10:01.387700+00:00", "event": "artifact.download.blocked", "payload": {"job_id": null, "path": "C:\\Users\\User\\Desktop\\Nova pasta\\PROJETOS\\Omni Transcribe\\output\\job-download\\file.exe", "detail": "Extensão não permitida."}}
{"timestamp": "2025-11-14T16:10:01.439392+00:00", "event": "artifact.download.blocked", "payload": {"job_id": null, "path": "C:\\Users\\User\\Desktop\\Nova pasta\\PROJETOS\\Omni Transcribe\\output\\job-rate\\file.txt", "detail": "Limite de downloads excedido."}}
{"timestamp": "2025-11-14T16:16:24.411118+00:00", "event": "artifact.download.blocked", "payload": {"job_id": "job-artifact-invalid", "path": "C:\\Users\\User\\Desktop\\Nova pasta\\PROJETOS\\Omni Transcribe\\output\\job-artifact-invalid\\file.txt", "detail": "Token expirado."}}
{"timestamp": "2025-11-14T16:20:08.122857+00:00", "event": "artifact.download.blocked", "payload": {"job_id": "job-http", "path": "C:\\Users\\User\\AppData\\Local\\Temp\\pytest-of-User\\pytest-275\\test_http_routes_list_detail_r0\\missing.txt", "detail": "Caminho inválido."}}
{"timestamp": "2025-11-14T16:20:08.805633+00:00", "event": "artifact.download.blocked", "payload": {"job_id": "job-artifact-invalid", "path": "C:\\Users\\User\\Desktop\\Nova pasta\\PROJETOS\\Omni Transcribe\\output\\job-artifact-invalid\\file.txt", "detail": "Token expirado."}}
{"timestamp": "2025-11-14T16:20:09.131707+00:00", "event": "artifact.download.blocked", "payload": {"job_id": null, "path": "C:\\Users\\User\\Desktop\\Nova pasta\\PROJETOS\\Omni Transcribe\\output\\job-download\\file.exe", "detail": "Extensão não permitida."}}
{"timestamp": "2025-11-14T16:20:09.181721+00:00", "event": "artifact.download.blocked", "payload": {"job_id": null, "path": "C:\\Users\\User\\Desktop\\Nova pasta\\PROJETOS\\Omni Transcribe\\output\\job-rate\\file.txt", "detail": "Limite de downloads excedido."}}
{"timestamp": "2025-11-14T16:20:35.156826+00:00", "event": "artifact.download.blocked", "payload": {"job_id": "job-http", "path": "C:\\Users\\User\\AppData\\Local\\Temp\\pytest-of-User\\pytest-276\\test_http_routes_list_detail_r0\\missing.txt", "detail": "Caminho inválido."}}
{"timestamp": "2025-11-14T16:20:36.440134+00:00", "event": "artifact.download.blocked", "payload": {"job_id": "job-artifact-invalid", "path": "C:\\Users\\User\\Desktop\\Nova pasta\\PROJETOS\\Omni Transcribe\\output\\job-artifact-invalid\\file.txt", "detail": "Token expirado."}}
{"timestamp": "2025-11-14T16:20:36.602701+00:00", "event": "artifact.download.blocked", "payload": {"job_id": null, "path": "C:\\Users\\User\\Desktop\\Nova pasta\\PROJETOS\\Omni Transcribe\\output\\job-download\\file.exe", "detail": "Extensão não permitida."}}
{"timestamp": "2025-11-14T16:20:36.657179+00:00", "event": "artifact.download.blocked", "payload": {"job_id": null, "path": "C:\\Users\\User\\Desktop\\Nova pasta\\PROJETOS\\Omni Transcribe\\output\\job-rate\\file.txt", "detail": "Limite de downloads excedido."}}
{"timestamp": "2025-11-14T16:21:04.137551+00:00", "event": "artifact.download.blocked", "payload": {"job_id": "job-http", "path": "C:\\Users\\User\\AppData\\Local\\Temp\\pytest-of-User\\pytest-277\\test_http_routes_list_detail_r0\\missing.txt", "detail": "Caminho inválido."}}
{"timestamp": "2025-11-14T16:21:06.965307+00:00", "event": "artifact.download.blocked", "payload": {"job_id": "job-artifact-invalid", "path": "C:\\Users\\User\\Desktop\\Nova pasta\\PROJETOS\\Omni Transcribe\\output\\job-artifact-invalid\\file.txt", "detail": "Token expirado."}}
{"timestamp": "2025-11-14T16:21:08.504923+00:00", "event": "artifact.download.blocked", "payload": {"job_id": null, "path": "C:\\Users\\User\\Desktop\\Nova pasta\\PROJETOS\\Omni Transcribe\\output\\job-download\\file.exe", "detail": "Extensão não permitida."}}
{"timestamp": "2025-11-14T16:21:08.551342+00:00", "event": "artifact.download.blocked", "payload": {"job_id": null, "path": "C:\\Users\\User\\Desktop\\Nova pasta\\PROJETOS\\Omni Transcribe\\output\\job-rate\\file.txt", "detail": "Limite de downloads excedido."}}
{"timestamp": "2025-11-14T16:28:53.632371+00:00", "event": "artifact.download.blocked", "payload": {"job_id": "job-http", "path": "C:\\Users\\User\\AppData\\Local\\Temp\\pytest-of-User\\pytest-279\\test_http_routes_list_detail_r0\\missing.txt", "detail": "Caminho inválido."}}
{"timestamp": "2025-11-14T16:28:54.963281+00:00", "event": "artifact.download.blocked", "payload": {"job_id": "job-artifact-invalid", "path": "C:\\Users\\User\\Desktop\\Nova pasta\\PROJETOS\\Omni Transcribe\\output\\job-artifact-invalid\\file.txt", "detail": "Token expirado."}}
{"timestamp": "2025-11-14T16:28:56.171043+00:00", "event": "artifact.download.blocked", "payload": {"job_id": null, "path": "C:\\Users\\User\\Desktop\\Nova pasta\\PROJETOS\\Omni Transcribe\\output\\job-download\\file.exe", "detail": "Extensão não permitida."}}
{"timestamp": "2025-11-14T16:28:56.226848+00:00", "event": "artifact.download.blocked", "payload": {"job_id": null, "path": "C:\\Users\\User\\Desktop\\Nova pasta\\PROJETOS\\Omni Transcribe\\output\\job-rate\\file.txt", "detail": "Limite de downloads excedido."}}
{"timestamp": "2025-11-14T16:34:26.957513+00:00", "event": "artifact.download.blocked", "payload": {"job_id": "job-http", "path": "C:\\Users\\User\\AppData\\Local\\Temp\\pytest-of-User\\pytest-282\\test_http_routes_list_detail_r0\\missing.txt", "detail": "Caminho inválido."}}
{"timestamp": "2025-11-14T16:34:27.842763+00:00", "event": "artifact.download.blocked", "payload": {"job_id": "job-artifact-invalid", "path": "C:\\Users\\User\\Desktop\\Nova pasta\\PROJETOS\\Omni Transcribe\\output\\job-artifact-invalid\\file.txt", "detail": "Token expirado."}}
{"timestamp": "2025-11-14T16:34:28.037049+00:00", "event": "artifact.download.blocked", "payload": {"job_id": null, "path": "C:\\Users\\User\\Desktop\\Nova pasta\\PROJETOS\\Omni Transcribe\\output\\job-download\\file.exe", "detail": "Extensão não permitida."}}
{"timestamp": "2025-11-14T16:34:28.099496+00:00", "event": "artifact.download.blocked", "payload": {"job_id": null, "path": "C:\\Users\\User\\Desktop\\Nova pasta\\PROJETOS\\Omni Transcribe\\output\\job-rate\\file.txt", "detail": "Limite de downloads excedido."}}
{"timestamp": "2025-11-14T16:35:01.111442+00:00", "event": "artifact.download.blocked", "payload": {"job_id": "job-http", "path": "C:\\Users\\User\\AppData\\Local\\Temp\\pytest-of-User\\pytest-283\\test_http_routes_list_detail_r0\\missing.txt", "detail": "Caminho inválido."}}
{"timestamp": "2025-11-14T16:35:01.541062+00:00", "event": "artifact.download.blocked", "payload": {"job_id": "job-artifact-invalid", "path": "C:\\Users\\User\\Desktop\\Nova pasta\\PROJETOS\\Omni Transcribe\\output\\job-artifact-invalid\\file.txt", "detail": "Token expirado."}}
{"timestamp": "2025-11-14T16:35:01.734856+00:00", "event": "artifact.download.blocked", "payload": {"job_id": null, "path": "C:\\Users\\User\\Desktop\\Nova pasta\\PROJETOS\\Omni Transcribe\\output\\job-download\\file.exe", "detail": "Extensão não permitida."}}
{"timestamp": "2025-11-14T16:35:01.785429+00:00", "event": "artifact.download.blocked", "payload": {"job_id": null, "path": "C:\\Users\\User\\Desktop\\Nova pasta\\PROJETOS\\Omni Transcribe\\output\\job-rate\\file.txt", "detail": "Limite de downloads excedido."}}
{"timestamp": "2025-11-14T16:42:28.930850+00:00", "event": "artifact.download.blocked", "payload": {"job_id": "job-http", "path": "C:\\Users\\User\\AppData\\Local\\Temp\\pytest-of-User\\pytest-287\\test_http_routes_list_detail_r0\\missing.txt", "detail": "Caminho inválido."}}
{"timestamp": "2025-11-14T16:42:29.825622+00:00", "event": "artifact.download.blocked", "payload": {"job_id": "job-artifact-invalid", "path": "C:\\Users\\User\\Desktop\\Nova pasta\\PROJETOS\\Omni Transcribe\\output\\job-artifact-invalid\\file.txt", "detail": "Token expirado."}}
{"timestamp": "2025-11-14T16:42:30.084772+00:00", "event": "artifact.download.blocked", "payload": {"job_id": null, "path": "C:\\Users\\User\\Desktop\\Nova pasta\\PROJETOS\\Omni Transcribe\\output\\job-download\\file.exe", "detail": "Extensão não permitida."}}
{"timestamp": "2025-11-14T16:42:30.130366+00:00", "event": "artifact.download.blocked", "payload": {"job_id": null, "path": "C:\\Users\\User\\Desktop\\Nova pasta\\PROJETOS\\Omni Transcribe\\output\\job-rate\\file.txt", "detail": "Limite de downloads excedido."}}
{"timestamp": "2025-11-14T16:44:13.743017+00:00", "event": "artifact.download.blocked", "payload": {"job_id": null, "path": "C:\\Users\\User\\Desktop\\Nova pasta\\PROJETOS\\Omni Transcribe\\output\\job-download-json\\out.txt", "detail": "Token inválido."}}
{"timestamp": "2025-11-14T16:44:26.207991+00:00", "event": "artifact.download.blocked", "payload": {"job_id": "job-http", "path": "C:\\Users\\User\\AppData\\Local\\Temp\\pytest-of-User\\pytest-289\\test_http_routes_list_detail_r0\\missing.txt", "detail": "Caminho inválido."}}
{"timestamp": "2025-11-14T16:44:26.594834+00:00", "event": "artifact.download.blocked", "payload": {"job_id": "job-artifact-invalid", "path": "C:\\Users\\User\\Desktop\\Nova pasta\\PROJETOS\\Omni Transcribe\\output\\job-artifact-invalid\\file.txt", "detail": "Token expirado."}}
{"timestamp": "2025-11-14T16:44:26.824574+00:00", "event": "artifact.download.blocked", "payload": {"job_id": null, "path": "C:\\Users\\User\\Desktop\\Nova pasta\\PROJETOS\\Omni Transcribe\\output\\job-download-json\\out.txt", "detail": "Token inválido."}}
{"timestamp": "2025-11-14T16:44:26.873851+00:00", "event": "artifact.download.blocked", "payload": {"job_id": null, "path": "C:\\Users\\User\\Desktop\\Nova pasta\\PROJETOS\\Omni Transcribe\\output\\job-download\\file.exe", "detail": "Extensão não permitida."}}
{"timestamp": "2025-11-14T16:44:27.471014+00:00", "event": "artifact.download.blocked", "payload": {"job_id": null, "path": "C:\\Users\\User\\Desktop\\Nova pasta\\PROJETOS\\Omni Transcribe\\output\\job-rate\\file.txt", "detail": "Limite de downloads excedido."}}
{"timestamp": "2025-11-14T16:46:48.487443+00:00", "event": "artifact.download.blocked", "payload": {"job_id": "job-http", "path": "C:\\Users\\User\\AppData\\Local\\Temp\\pytest-of-User\\pytest-291\\test_http_routes_list_detail_r0\\missing.txt", "detail": "Caminho inválido."}}
{"timestamp": "2025-11-14T16:46:50.078072+00:00", "event": "artifact.download.blocked", "payload": {"job_id": "job-artifact-invalid", "path": "C:\\Users\\User\\Desktop\\Nova pasta\\PROJETOS\\Omni Transcribe\\output\\job-artifact-invalid\\file.txt", "detail": "Token expirado."}}
{"timestamp": "2025-11-14T16:46:52.378660+00:00", "event": "artifact.download.blocked", "payload": {"job_id": null, "path": "C:\\Users\\User\\Desktop\\Nova pasta\\PROJETOS\\Omni Transcribe\\output\\job-download-json\\out.txt", "detail": "Token inválido."}}
{"timestamp": "2025-11-14T16:46:52.444529+00:00", "event": "artifact.download.blocked", "payload": {"job_id": null, "path": "C:\\Users\\User\\Desktop\\Nova pasta\\PROJETOS\\Omni Transcribe\\output\\job-download\\file.exe", "detail": "Extensão não permitida."}}
{"timestamp": "2025-11-14T16:46:52.551351+00:00", "event": "artifact.download.blocked", "payload": {"job_id": null, "path": "C:\\Users\\User\\Desktop\\Nova pasta\\PROJETOS\\Omni Transcribe\\output\\job-rate\\file.txt", "detail": "Limite de downloads excedido."}}
{"timestamp": "2025-11-14T16:52:32.368546+00:00", "event": "artifact.download.blocked", "payload": {"job_id": "job-http", "path": "C:\\Users\\User\\AppData\\Local\\Temp\\pytest-of-User\\pytest-295\\test_http_routes_list_detail_r0\\missing.txt", "detail": "Caminho inválido."}}
{"timestamp": "2025-11-14T16:52:33.027438+00:00", "event": "artifact.download.blocked", "payload": {"job_id": "job-artifact-invalid", "path": "C:\\Users\\User\\Desktop\\Nova pasta\\PROJETOS\\Omni Transcribe\\output\\job-artifact-invalid\\file.txt", "detail": "Token expirado."}}
{"timestamp": "2025-11-14T16:52:33.338394+00:00", "event": "artifact.download.blocked", "payload": {"job_id": null, "path": "C:\\Users\\User\\Desktop\\Nova pasta\\PROJETOS\\Omni Transcribe\\output\\job-download-json\\out.txt", "detail": "Token inválido."}}
{"timestamp": "2025-11-14T16:52:33.389380+00:00", "event": "artifact.download.blocked", "payload": {"job_id": null, "path": "C:\\Users\\User\\Desktop\\Nova pasta\\PROJETOS\\Omni Transcribe\\output\\job-download\\file.exe", "detail": "Extensão não permitida."}}
{"timestamp": "2025-11-14T16:52:33.437153+00:00", "event": "artifact.download.blocked", "payload": {"job_id": null, "path": "C:\\Users\\User\\Desktop\\Nova pasta\\PROJETOS\\Omni Transcribe\\output\\job-rate\\file.txt", "detail": "Limite de downloads excedido."}}
{"timestamp": "2025-11-14T16:54:20.614433+00:00", "event": "artifact.download.blocked", "payload": {"job_id": "job-http", "path": "C:\\Users\\User\\AppData\\Local\\Temp\\pytest-of-User\\pytest-297\\test_http_routes_list_detail_r0\\missing.txt", "detail": "Caminho inválido."}}
{"timestamp": "2025-11-14T16:54:21.105408+00:00", "event": "artifact.download.blocked", "payload": {"job_id": "job-artifact-invalid", "path": "C:\\Users\\User\\Desktop\\Nova pasta\\PROJETOS\\Omni Transcribe\\output\\job-artifact-invalid\\file.txt", "detail": "Token expirado."}}
{"timestamp": "2025-11-14T16:54:21.668251+00:00", "event": "artifact.download.blocked", "payload": {"job_id": null, "path": "C:\\Users\\User\\Desktop\\Nova pasta\\PROJETOS\\Omni Transcribe\\output\\job-download-json\\out.txt", "detail": "Token inválido."}}
{"timestamp": "2025-11-14T16:54:21.715278+00:00", "event": "artifact.download.blocked", "payload": {"job_id": null, "path": "C:\\Users\\User\\Desktop\\Nova pasta\\PROJETOS\\Omni Transcribe\\output\\job-download\\file.exe", "detail": "Extensão não permitida."}}
{"timestamp": "2025-11-14T16:54:21.764579+00:00", "event": "artifact.download.blocked", "payload": {"job_id": null, "path": "C:\\Users\\User\\Desktop\\Nova pasta\\PROJETOS\\Omni Transcribe\\output\\job-rate\\file.txt", "detail": "Limite de downloads excedido."}}
{"timestamp": "2025-11-14T17:00:13.205806+00:00", "event": "artifact.download.blocked", "payload": {"job_id": "job-download-html", "path": "C:\\Users\\User\\Desktop\\Nova pasta\\PROJETOS\\Omni Transcribe\\output\\missing.txt", "detail": "Arquivo não encontrado."}}
{"timestamp": "2025-11-14T17:00:13.374137+00:00", "event": "artifact.download.blocked", "payload": {"job_id": null, "path": "C:\\Users\\User\\Desktop\\Nova pasta\\PROJETOS\\Omni Transcribe\\output\\job-download-rate\\rate.txt", "detail": "Limite de downloads excedido."}}
{"timestamp": "2025-11-14T17:00:29.485106+00:00", "event": "artifact.download.blocked", "payload": {"job_id": "job-http", "path": "C:\\Users\\User\\AppData\\Local\\Temp\\pytest-of-User\\pytest-299\\test_http_routes_list_detail_r0\\missing.txt", "detail": "Caminho inválido."}}
{"timestamp": "2025-11-14T17:00:32.018491+00:00", "event": "artifact.download.blocked", "payload": {"job_id": "job-artifact-invalid", "path": "C:\\Users\\User\\Desktop\\Nova pasta\\PROJETOS\\Omni Transcribe\\output\\job-artifact-invalid\\file.txt", "detail": "Token expirado."}}
{"timestamp": "2025-11-14T17:00:36.029157+00:00", "event": "artifact.download.blocked", "payload": {"job_id": null, "path": "C:\\Users\\User\\Desktop\\Nova pasta\\PROJETOS\\Omni Transcribe\\output\\job-download-json\\out.txt", "detail": "Token inválido."}}
{"timestamp": "2025-11-14T17:00:37.146664+00:00", "event": "artifact.download.blocked", "payload": {"job_id": "job-download-html", "path": "C:\\Users\\User\\Desktop\\Nova pasta\\PROJETOS\\Omni Transcribe\\output\\missing.txt", "detail": "Arquivo não encontrado."}}
{"timestamp": "2025-11-14T17:00:37.192746+00:00", "event": "artifact.download.blocked", "payload": {"job_id": null, "path": "C:\\Users\\User\\Desktop\\Nova pasta\\PROJETOS\\Omni Transcribe\\output\\job-download-rate\\rate.txt", "detail": "Limite de downloads excedido."}}
{"timestamp": "2025-11-14T17:00:37.365973+00:00", "event": "artifact.download.blocked", "payload": {"job_id": null, "path": "C:\\Users\\User\\Desktop\\Nova pasta\\PROJETOS\\Omni Transcribe\\output\\job-download\\file.exe", "detail": "Extensão não permitida."}}
{"timestamp": "2025-11-14T17:00:37.707390+00:00", "event": "artifact.download.blocked", "payload": {"job_id": null, "path": "C:\\Users\\User\\Desktop\\Nova pasta\\PROJETOS\\Omni Transcribe\\output\\job-rate\\file.txt", "detail": "Limite de downloads excedido."}}
{"timestamp": "2025-11-14T17:06:43.608782+00:00", "event": "artifact.download.blocked", "payload": {"job_id": "job-download-html", "path": "C:\\Users\\User\\Desktop\\Nova pasta\\PROJETOS\\Omni Transcribe\\output\\missing.txt", "detail": "Arquivo não encontrado."}}
{"timestamp": "2025-11-14T17:06:43.698356+00:00", "event": "artifact.download.blocked", "payload": {"job_id": null, "path": "C:\\Users\\User\\Desktop\\Nova pasta\\PROJETOS\\Omni Transcribe\\output\\job-download-rate\\rate.txt", "detail": "Limite de downloads excedido."}}
{"timestamp": "2025-11-14T17:07:07.815158+00:00", "event": "artifact.download.blocked", "payload": {"job_id": "job-http", "path": "C:\\Users\\User\\AppData\\Local\\Temp\\pytest-of-User\\pytest-301\\test_http_routes_list_detail_r0\\missing.txt", "detail": "Caminho inválido."}}
{"timestamp": "2025-11-14T17:07:09.318097+00:00", "event": "artifact.download.blocked", "payload": {"job_id": "job-artifact-invalid", "path": "C:\\Users\\User\\Desktop\\Nova pasta\\PROJETOS\\Omni Transcribe\\output\\job-artifact-invalid\\file.txt", "detail": "Token expirado."}}
{"timestamp": "2025-11-14T17:07:10.023947+00:00", "event": "artifact.download.blocked", "payload": {"job_id": null, "path": "C:\\Users\\User\\Desktop\\Nova pasta\\PROJETOS\\Omni Transcribe\\output\\job-download-json\\out.txt", "detail": "Token inválido."}}
{"timestamp": "2025-11-14T17:07:10.051848+00:00", "event": "artifact.download.blocked", "payload": {"job_id": "job-download-html", "path": "C:\\Users\\User\\Desktop\\Nova pasta\\PROJETOS\\Omni Transcribe\\output\\missing.txt", "detail": "Arquivo não encontrado."}}
{"timestamp": "2025-11-14T17:07:10.103719+00:00", "event": "artifact.download.blocked", "payload": {"job_id": null, "path": "C:\\Users\\User\\Desktop\\Nova pasta\\PROJETOS\\Omni Transcribe\\output\\job-download-rate\\rate.txt", "detail": "Limite de downloads excedido."}}
{"timestamp": "2025-11-14T17:07:10.334443+00:00", "event": "artifact.download.blocked", "payload": {"job_id": null, "path": "C:\\Users\\User\\Desktop\\Nova pasta\\PROJETOS\\Omni Transcribe\\output\\job-download\\file.exe", "detail": "Extensão não permitida."}}
{"timestamp": "2025-11-14T17:07:11.683469+00:00", "event": "artifact.download.blocked", "payload": {"job_id": null, "path": "C:\\Users\\User\\Desktop\\Nova pasta\\PROJETOS\\Omni Transcribe\\output\\job-rate\\file.txt", "detail": "Limite de downloads excedido."}}
{"timestamp": "2025-11-14T17:11:42.022345+00:00", "event": "artifact.download.blocked", "payload": {"job_id": "job-download-html", "path": "C:\\Users\\User\\Desktop\\Nova pasta\\PROJETOS\\Omni Transcribe\\output\\missing.txt", "detail": "Arquivo não encontrado."}}
{"timestamp": "2025-11-14T17:11:42.207557+00:00", "event": "artifact.download.blocked", "payload": {"job_id": null, "path": "C:\\Users\\User\\Desktop\\Nova pasta\\PROJETOS\\Omni Transcribe\\output\\job-download-rate\\rate.txt", "detail": "Limite de downloads excedido."}}
{"timestamp": "2025-11-14T17:11:43.099084+00:00", "event": "artifact.download.blocked", "payload": {"job_id": "job-download-missing-token", "path": "C:\\Users\\User\\Desktop\\Nova pasta\\PROJETOS\\Omni Transcribe\\output\\job-download-missing-token\\missingtoken.txt", "detail": "Token ausente para download."}}
{"timestamp": "2025-11-14T17:11:43.121967+00:00", "event": "artifact.download.blocked", "payload": {"job_id": null, "path": "C:\\Users\\User\\Desktop\\Nova pasta\\PROJETOS\\Omni Transcribe\\output\\job-download-invalid-exp\\badexp.txt", "detail": "Token inválido."}}
{"timestamp": "2025-11-14T17:12:05.143860+00:00", "event": "artifact.download.blocked", "payload": {"job_id": "job-http", "path": "C:\\Users\\User\\AppData\\Local\\Temp\\pytest-of-User\\pytest-303\\test_http_routes_list_detail_r0\\missing.txt", "detail": "Caminho inválido."}}
{"timestamp": "2025-11-14T17:12:05.874527+00:00", "event": "artifact.download.blocked", "payload": {"job_id": "job-artifact-invalid", "path": "C:\\Users\\User\\Desktop\\Nova pasta\\PROJETOS\\Omni Transcribe\\output\\job-artifact-invalid\\file.txt", "detail": "Token expirado."}}
{"timestamp": "2025-11-14T17:12:08.106681+00:00", "event": "artifact.download.blocked", "payload": {"job_id": null, "path": "C:\\Users\\User\\Desktop\\Nova pasta\\PROJETOS\\Omni Transcribe\\output\\job-download-json\\out.txt", "detail": "Token inválido."}}
{"timestamp": "2025-11-14T17:12:08.134283+00:00", "event": "artifact.download.blocked", "payload": {"job_id": "job-download-html", "path": "C:\\Users\\User\\Desktop\\Nova pasta\\PROJETOS\\Omni Transcribe\\output\\missing.txt", "detail": "Arquivo não encontrado."}}
{"timestamp": "2025-11-14T17:12:08.958470+00:00", "event": "artifact.download.blocked", "payload": {"job_id": null, "path": "C:\\Users\\User\\Desktop\\Nova pasta\\PROJETOS\\Omni Transcribe\\output\\job-download-rate\\rate.txt", "detail": "Limite de downloads excedido."}}
{"timestamp": "2025-11-14T17:12:10.264904+00:00", "event": "artifact.download.blocked", "payload": {"job_id": "job-download-missing-token", "path": "C:\\Users\\User\\Desktop\\Nova pasta\\PROJETOS\\Omni Transcribe\\output\\job-download-missing-token\\missingtoken.txt", "detail": "Token ausente para download."}}
{"timestamp": "2025-11-14T17:12:10.359551+00:00", "event": "artifact.download.blocked", "payload": {"job_id": null, "path": "C:\\Users\\User\\Desktop\\Nova pasta\\PROJETOS\\Omni Transcribe\\output\\job-download-invalid-exp\\badexp.txt", "detail": "Token inválido."}}
{"timestamp": "2025-11-14T17:12:10.572159+00:00", "event": "artifact.download.blocked", "payload": {"job_id": null, "path": "C:\\Users\\User\\Desktop\\Nova pasta\\PROJETOS\\Omni Transcribe\\output\\job-download\\file.exe", "detail": "Extensão não permitida."}}
{"timestamp": "2025-11-14T17:12:10.628299+00:00", "event": "artifact.download.blocked", "payload": {"job_id": null, "path": "C:\\Users\\User\\Desktop\\Nova pasta\\PROJETOS\\Omni Transcribe\\output\\job-rate\\file.txt", "detail": "Limite de downloads excedido."}}
{"timestamp": "2025-11-14T17:12:45.069906+00:00", "event": "artifact.download.blocked", "payload": {"job_id": "job-http", "path": "C:\\Users\\User\\AppData\\Local\\Temp\\pytest-of-User\\pytest-304\\test_http_routes_list_detail_r0\\missing.txt", "detail": "Caminho inválido."}}
{"timestamp": "2025-11-14T17:12:45.717677+00:00", "event": "artifact.download.blocked", "payload": {"job_id": "job-artifact-invalid", "path": "C:\\Users\\User\\Desktop\\Nova pasta\\PROJETOS\\Omni Transcribe\\output\\job-artifact-invalid\\file.txt", "detail": "Token expirado."}}
{"timestamp": "2025-11-14T17:12:47.347041+00:00", "event": "artifact.download.blocked", "payload": {"job_id": null, "path": "C:\\Users\\User\\Desktop\\Nova pasta\\PROJETOS\\Omni Transcribe\\output\\job-download-json\\out.txt", "detail": "Token inválido."}}
{"timestamp": "2025-11-14T17:12:47.426716+00:00", "event": "artifact.download.blocked", "payload": {"job_id": "job-download-html", "path": "C:\\Users\\User\\Desktop\\Nova pasta\\PROJETOS\\Omni Transcribe\\output\\missing.txt", "detail": "Arquivo não encontrado."}}
{"timestamp": "2025-11-14T17:12:47.743639+00:00", "event": "artifact.download.blocked", "payload": {"job_id": null, "path": "C:\\Users\\User\\Desktop\\Nova pasta\\PROJETOS\\Omni Transcribe\\output\\job-download-rate\\rate.txt", "detail": "Limite de downloads excedido."}}
{"timestamp": "2025-11-14T17:12:48.115879+00:00", "event": "artifact.download.blocked", "payload": {"job_id": "job-download-missing-token", "path": "C:\\Users\\User\\Desktop\\Nova pasta\\PROJETOS\\Omni Transcribe\\output\\job-download-missing-token\\missingtoken.txt", "detail": "Token ausente para download."}}
{"timestamp": "2025-11-14T17:12:48.162302+00:00", "event": "artifact.download.blocked", "payload": {"job_id": null, "path": "C:\\Users\\User\\Desktop\\Nova pasta\\PROJETOS\\Omni Transcribe\\output\\job-download-invalid-exp\\badexp.txt", "detail": "Token inválido."}}
{"timestamp": "2025-11-14T17:12:48.415617+00:00", "event": "artifact.download.blocked", "payload": {"job_id": null, "path": "C:\\Users\\User\\Desktop\\Nova pasta\\PROJETOS\\Omni Transcribe\\output\\job-download\\file.exe", "detail": "Extensão não permitida."}}
{"timestamp": "2025-11-14T17:12:48.727835+00:00", "event": "artifact.download.blocked", "payload": {"job_id": null, "path": "C:\\Users\\User\\Desktop\\Nova pasta\\PROJETOS\\Omni Transcribe\\output\\job-rate\\file.txt", "detail": "Limite de downloads excedido."}}
{"timestamp": "2025-11-14T17:14:30.898897+00:00", "event": "artifact.download.blocked", "payload": {"job_id": "job-download-missing-token", "path": "C:\\Users\\User\\Desktop\\Nova pasta\\PROJETOS\\Omni Transcribe\\output\\job-download-missing-token\\missingtoken.txt", "detail": "Token ausente para download."}}
{"timestamp": "2025-11-14T17:14:30.925391+00:00", "event": "artifact.download.blocked", "payload": {"job_id": null, "path": "C:\\Users\\User\\Desktop\\Nova pasta\\PROJETOS\\Omni Transcribe\\output\\job-download-invalid-exp\\badexp.txt", "detail": "Token inválido."}}
{"timestamp": "2025-11-14T17:14:31.561279+00:00", "event": "artifact.download.blocked", "payload": {"job_id": "job-download-html", "path": "C:\\Users\\User\\Desktop\\Nova pasta\\PROJETOS\\Omni Transcribe\\output\\missing.txt", "detail": "Arquivo não encontrado."}}
{"timestamp": "2025-11-14T17:14:31.687034+00:00", "event": "artifact.download.blocked", "payload": {"job_id": null, "path": "C:\\Users\\User\\Desktop\\Nova pasta\\PROJETOS\\Omni Transcribe\\output\\job-download-rate\\rate.txt", "detail": "Limite de downloads excedido."}}
{"timestamp": "2025-11-14T17:14:45.324844+00:00", "event": "artifact.download.blocked", "payload": {"job_id": "job-http", "path": "C:\\Users\\User\\AppData\\Local\\Temp\\pytest-of-User\\pytest-306\\test_http_routes_list_detail_r0\\missing.txt", "detail": "Caminho inválido."}}
{"timestamp": "2025-11-14T17:14:46.525367+00:00", "event": "artifact.download.blocked", "payload": {"job_id": "job-artifact-invalid", "path": "C:\\Users\\User\\Desktop\\Nova pasta\\PROJETOS\\Omni Transcribe\\output\\job-artifact-invalid\\file.txt", "detail": "Token expirado."}}
{"timestamp": "2025-11-14T17:14:47.296493+00:00", "event": "artifact.download.blocked", "payload": {"job_id": null, "path": "C:\\Users\\User\\Desktop\\Nova pasta\\PROJETOS\\Omni Transcribe\\output\\job-download-json\\out.txt", "detail": "Token inválido."}}
{"timestamp": "2025-11-14T17:14:47.331299+00:00", "event": "artifact.download.blocked", "payload": {"job_id": "job-download-html", "path": "C:\\Users\\User\\Desktop\\Nova pasta\\PROJETOS\\Omni Transcribe\\output\\missing.txt", "detail": "Arquivo não encontrado."}}
{"timestamp": "2025-11-14T17:14:47.383564+00:00", "event": "artifact.download.blocked", "payload": {"job_id": null, "path": "C:\\Users\\User\\Desktop\\Nova pasta\\PROJETOS\\Omni Transcribe\\output\\job-download-rate\\rate.txt", "detail": "Limite de downloads excedido."}}
{"timestamp": "2025-11-14T17:14:47.677946+00:00", "event": "artifact.download.blocked", "payload": {"job_id": "job-download-missing-token", "path": "C:\\Users\\User\\Desktop\\Nova pasta\\PROJETOS\\Omni Transcribe\\output\\job-download-missing-token\\missingtoken.txt", "detail": "Token ausente para download."}}
{"timestamp": "2025-11-14T17:14:47.722166+00:00", "event": "artifact.download.blocked", "payload": {"job_id": null, "path": "C:\\Users\\User\\Desktop\\Nova pasta\\PROJETOS\\Omni Transcribe\\output\\job-download-invalid-exp\\badexp.txt", "detail": "Token inválido."}}
{"timestamp": "2025-11-14T17:14:48.037214+00:00", "event": "artifact.download.blocked", "payload": {"job_id": null, "path": "C:\\Users\\User\\Desktop\\Nova pasta\\PROJETOS\\Omni Transcribe\\output\\job-download\\file.exe", "detail": "Extensão não permitida."}}
{"timestamp": "2025-11-14T17:14:48.141264+00:00", "event": "artifact.download.blocked", "payload": {"job_id": null, "path": "C:\\Users\\User\\Desktop\\Nova pasta\\PROJETOS\\Omni Transcribe\\output\\job-rate\\file.txt", "detail": "Limite de downloads excedido."}}
{"timestamp": "2025-11-14T17:15:55.691229+00:00", "event": "artifact.download.blocked", "payload": {"job_id": "job-http", "path": "C:\\Users\\User\\AppData\\Local\\Temp\\pytest-of-User\\pytest-308\\test_http_routes_list_detail_r0\\missing.txt", "detail": "Caminho inválido."}}
{"timestamp": "2025-11-14T17:15:56.779907+00:00", "event": "artifact.download.blocked", "payload": {"job_id": "job-artifact-invalid", "path": "C:\\Users\\User\\Desktop\\Nova pasta\\PROJETOS\\Omni Transcribe\\output\\job-artifact-invalid\\file.txt", "detail": "Token expirado."}}
{"timestamp": "2025-11-14T17:15:57.682176+00:00", "event": "artifact.download.blocked", "payload": {"job_id": null, "path": "C:\\Users\\User\\Desktop\\Nova pasta\\PROJETOS\\Omni Transcribe\\output\\job-download-json\\out.txt", "detail": "Token inválido."}}
{"timestamp": "2025-11-14T17:15:57.700458+00:00", "event": "artifact.download.blocked", "payload": {"job_id": "job-download-html", "path": "C:\\Users\\User\\Desktop\\Nova pasta\\PROJETOS\\Omni Transcribe\\output\\missing.txt", "detail": "Arquivo não encontrado."}}
{"timestamp": "2025-11-14T17:15:57.732438+00:00", "event": "artifact.download.blocked", "payload": {"job_id": null, "path": "C:\\Users\\User\\Desktop\\Nova pasta\\PROJETOS\\Omni Transcribe\\output\\job-download-rate\\rate.txt", "detail": "Limite de downloads excedido."}}
{"timestamp": "2025-11-14T17:15:57.862921+00:00", "event": "artifact.download.blocked", "payload": {"job_id": "job-download-missing-token", "path": "C:\\Users\\User\\Desktop\\Nova pasta\\PROJETOS\\Omni Transcribe\\output\\job-download-missing-token\\missingtoken.txt", "detail": "Token ausente para download."}}
{"timestamp": "2025-11-14T17:15:57.881773+00:00", "event": "artifact.download.blocked", "payload": {"job_id": null, "path": "C:\\Users\\User\\Desktop\\Nova pasta\\PROJETOS\\Omni Transcribe\\output\\job-download-invalid-exp\\badexp.txt", "detail": "Token inválido."}}
{"timestamp": "2025-11-14T17:15:57.944930+00:00", "event": "artifact.download.blocked", "payload": {"job_id": null, "path": "C:\\Users\\User\\Desktop\\Nova pasta\\PROJETOS\\Omni Transcribe\\output\\job-download\\file.exe", "detail": "Extensão não permitida."}}
{"timestamp": "2025-11-14T17:15:57.992519+00:00", "event": "artifact.download.blocked", "payload": {"job_id": null, "path": "C:\\Users\\User\\Desktop\\Nova pasta\\PROJETOS\\Omni Transcribe\\output\\job-rate\\file.txt", "detail": "Limite de downloads excedido."}}
{"timestamp": "2025-11-14T17:20:30.407992+00:00", "event": "artifact.download.blocked", "payload": {"job_id": "job-http", "path": "C:\\Users\\User\\AppData\\Local\\Temp\\pytest-of-User\\pytest-309\\test_http_routes_list_detail_r0\\missing.txt", "detail": "Caminho inválido."}}
{"timestamp": "2025-11-14T17:20:31.447927+00:00", "event": "artifact.download.blocked", "payload": {"job_id": "job-artifact-invalid", "path": "C:\\Users\\User\\Desktop\\Nova pasta\\PROJETOS\\Omni Transcribe\\output\\job-artifact-invalid\\file.txt", "detail": "Token expirado."}}
{"timestamp": "2025-11-14T17:20:32.348243+00:00", "event": "artifact.download.blocked", "payload": {"job_id": null, "path": "C:\\Users\\User\\Desktop\\Nova pasta\\PROJETOS\\Omni Transcribe\\output\\job-download-json\\out.txt", "detail": "Token inválido."}}
{"timestamp": "2025-11-14T17:20:32.366253+00:00", "event": "artifact.download.blocked", "payload": {"job_id": "job-download-html", "path": "C:\\Users\\User\\Desktop\\Nova pasta\\PROJETOS\\Omni Transcribe\\output\\missing.txt", "detail": "Arquivo não encontrado."}}
{"timestamp": "2025-11-14T17:20:32.445067+00:00", "event": "artifact.download.blocked", "payload": {"job_id": null, "path": "C:\\Users\\User\\Desktop\\Nova pasta\\PROJETOS\\Omni Transcribe\\output\\job-download-rate\\rate.txt", "detail": "Limite de downloads excedido."}}
{"timestamp": "2025-11-14T17:20:33.495248+00:00", "event": "artifact.download.blocked", "payload": {"job_id": "job-download-missing-token", "path": "C:\\Users\\User\\Desktop\\Nova pasta\\PROJETOS\\Omni Transcribe\\output\\job-download-missing-token\\missingtoken.txt", "detail": "Token ausente para download."}}
{"timestamp": "2025-11-14T17:20:33.513784+00:00", "event": "artifact.download.blocked", "payload": {"job_id": null, "path": "C:\\Users\\User\\Desktop\\Nova pasta\\PROJETOS\\Omni Transcribe\\output\\job-download-invalid-exp\\badexp.txt", "detail": "Token inválido."}}
{"timestamp": "2025-11-14T17:20:33.580819+00:00", "event": "artifact.download.blocked", "payload": {"job_id": null, "path": "C:\\Users\\User\\Desktop\\Nova pasta\\PROJETOS\\Omni Transcribe\\output\\job-download\\file.exe", "detail": "Extensão não permitida."}}
{"timestamp": "2025-11-14T17:20:33.703499+00:00", "event": "artifact.download.blocked", "payload": {"job_id": null, "path": "C:\\Users\\User\\Desktop\\Nova pasta\\PROJETOS\\Omni Transcribe\\output\\job-rate\\file.txt", "detail": "Limite de downloads excedido."}}
{"timestamp": "2025-11-14T17:20:51.857944+00:00", "event": "artifact.download.blocked", "payload": {"job_id": "job-http", "path": "C:\\Users\\User\\AppData\\Local\\Temp\\pytest-of-User\\pytest-310\\test_http_routes_list_detail_r0\\missing.txt", "detail": "Caminho inválido."}}
{"timestamp": "2025-11-14T17:20:55.213574+00:00", "event": "artifact.download.blocked", "payload": {"job_id": "job-artifact-invalid", "path": "C:\\Users\\User\\Desktop\\Nova pasta\\PROJETOS\\Omni Transcribe\\output\\job-artifact-invalid\\file.txt", "detail": "Token expirado."}}
{"timestamp": "2025-11-14T17:20:55.942462+00:00", "event": "artifact.download.blocked", "payload": {"job_id": null, "path": "C:\\Users\\User\\Desktop\\Nova pasta\\PROJETOS\\Omni Transcribe\\output\\job-download-json\\out.txt", "detail": "Token inválido."}}
{"timestamp": "2025-11-14T17:20:55.963750+00:00", "event": "artifact.download.blocked", "payload": {"job_id": "job-download-html", "path": "C:\\Users\\User\\Desktop\\Nova pasta\\PROJETOS\\Omni Transcribe\\output\\missing.txt", "detail": "Arquivo não encontrado."}}
{"timestamp": "2025-11-14T17:20:56.004979+00:00", "event": "artifact.download.blocked", "payload": {"job_id": null, "path": "C:\\Users\\User\\Desktop\\Nova pasta\\PROJETOS\\Omni Transcribe\\output\\job-download-rate\\rate.txt", "detail": "Limite de downloads excedido."}}
{"timestamp": "2025-11-14T17:20:57.459712+00:00", "event": "artifact.download.blocked", "payload": {"job_id": "job-download-missing-token", "path": "C:\\Users\\User\\Desktop\\Nova pasta\\PROJETOS\\Omni Transcribe\\output\\job-download-missing-token\\missingtoken.txt", "detail": "Token ausente para download."}}
{"timestamp": "2025-11-14T17:20:57.491247+00:00", "event": "artifact.download.blocked", "payload": {"job_id": null, "path": "C:\\Users\\User\\Desktop\\Nova pasta\\PROJETOS\\Omni Transcribe\\output\\job-download-invalid-exp\\badexp.txt", "detail": "Token inválido."}}
{"timestamp": "2025-11-14T17:20:57.658570+00:00", "event": "artifact.download.blocked", "payload": {"job_id": null, "path": "C:\\Users\\User\\Desktop\\Nova pasta\\PROJETOS\\Omni Transcribe\\output\\job-download\\file.exe", "detail": "Extensão não permitida."}}
{"timestamp": "2025-11-14T17:20:57.716445+00:00", "event": "artifact.download.blocked", "payload": {"job_id": null, "path": "C:\\Users\\User\\Desktop\\Nova pasta\\PROJETOS\\Omni Transcribe\\output\\job-rate\\file.txt", "detail": "Limite de downloads excedido."}}
{"timestamp": "2025-11-21T13:28:06.813368+00:00", "event": "artifact.download.blocked", "payload": {"job_id": "job-http", "path": "C:\\Users\\User\\AppData\\Local\\Temp\\pytest-of-User\\pytest-326\\test_http_routes_list_detail_r0\\missing.txt", "detail": "Caminho invalido."}}
{"timestamp": "2025-11-21T13:28:07.388547+00:00", "event": "artifact.download.blocked", "payload": {"job_id": "job-artifact-invalid", "path": "C:\\Users\\User\\Desktop\\Nova pasta\\PROJETOS\\Omni Transcribe\\output\\job-artifact-invalid\\file.txt", "detail": "Token expirado."}}
{"timestamp": "2025-11-21T13:28:09.204591+00:00", "event": "artifact.download.blocked", "payload": {"job_id": null, "path": "C:\\Users\\User\\Desktop\\Nova pasta\\PROJETOS\\Omni Transcribe\\output\\job-download-json\\out.txt", "detail": "Token invalido."}}
{"timestamp": "2025-11-21T13:28:09.222916+00:00", "event": "artifact.download.blocked", "payload": {"job_id": "job-download-html", "path": "C:\\Users\\User\\Desktop\\Nova pasta\\PROJETOS\\Omni Transcribe\\output\\missing.txt", "detail": "Arquivo nao encontrado."}}
{"timestamp": "2025-11-21T13:28:09.258487+00:00", "event": "artifact.download.blocked", "payload": {"job_id": null, "path": "C:\\Users\\User\\Desktop\\Nova pasta\\PROJETOS\\Omni Transcribe\\output\\job-download-rate\\rate.txt", "detail": "Limite de downloads excedido."}}
{"timestamp": "2025-11-21T13:28:09.370452+00:00", "event": "artifact.download.blocked", "payload": {"job_id": "job-download-missing-token", "path": "C:\\Users\\User\\Desktop\\Nova pasta\\PROJETOS\\Omni Transcribe\\output\\job-download-missing-token\\missingtoken.txt", "detail": "Token ausente para download."}}
{"timestamp": "2025-11-21T13:28:09.384916+00:00", "event": "artifact.download.blocked", "payload": {"job_id": null, "path": "C:\\Users\\User\\Desktop\\Nova pasta\\PROJETOS\\Omni Transcribe\\output\\job-download-invalid-exp\\badexp.txt", "detail": "Token invalido."}}
{"timestamp": "2025-11-21T13:28:09.432930+00:00", "event": "artifact.download.blocked", "payload": {"job_id": null, "path": "C:\\Users\\User\\Desktop\\Nova pasta\\PROJETOS\\Omni Transcribe\\output\\job-download\\file.exe", "detail": "Extensao nao permitida."}}
{"timestamp": "2025-11-21T13:28:09.470768+00:00", "event": "artifact.download.blocked", "payload": {"job_id": null, "path": "C:\\Users\\User\\Desktop\\Nova pasta\\PROJETOS\\Omni Transcribe\\output\\job-rate\\file.txt", "detail": "Limite de downloads excedido."}}
{"timestamp": "2025-11-21T13:29:09.764891+00:00", "event": "artifact.download.blocked", "payload": {"job_id": "job-http", "path": "C:\\Users\\User\\AppData\\Local\\Temp\\pytest-of-User\\pytest-327\\test_http_routes_list_detail_r0\\missing.txt", "detail": "Caminho invalido."}}
{"timestamp": "2025-11-21T13:29:11.987731+00:00", "event": "artifact.download.blocked", "payload": {"job_id": "job-artifact-invalid", "path": "C:\\Users\\User\\Desktop\\Nova pasta\\PROJETOS\\Omni Transcribe\\output\\job-artifact-invalid\\file.txt", "detail": "Token expirado."}}
{"timestamp": "2025-11-21T13:29:13.926367+00:00", "event": "artifact.download.blocked", "payload": {"job_id": null, "path": "C:\\Users\\User\\Desktop\\Nova pasta\\PROJETOS\\Omni Transcribe\\output\\job-download-json\\out.txt", "detail": "Token invalido."}}
{"timestamp": "2025-11-21T13:29:13.938592+00:00", "event": "artifact.download.blocked", "payload": {"job_id": "job-download-html", "path": "C:\\Users\\User\\Desktop\\Nova pasta\\PROJETOS\\Omni Transcribe\\output\\missing.txt", "detail": "Arquivo nao encontrado."}}
{"timestamp": "2025-11-21T13:29:13.975540+00:00", "event": "artifact.download.blocked", "payload": {"job_id": null, "path": "C:\\Users\\User\\Desktop\\Nova pasta\\PROJETOS\\Omni Transcribe\\output\\job-download-rate\\rate.txt", "detail": "Limite de downloads excedido."}}
{"timestamp": "2025-11-21T13:29:14.065892+00:00", "event": "artifact.download.blocked", "payload": {"job_id": "job-download-missing-token", "path": "C:\\Users\\User\\Desktop\\Nova pasta\\PROJETOS\\Omni Transcribe\\output\\job-download-missing-token\\missingtoken.txt", "detail": "Token ausente para download."}}
{"timestamp": "2025-11-21T13:29:14.081451+00:00", "event": "artifact.download.blocked", "payload": {"job_id": null, "path": "C:\\Users\\User\\Desktop\\Nova pasta\\PROJETOS\\Omni Transcribe\\output\\job-download-invalid-exp\\badexp.txt", "detail": "Token invalido."}}
{"timestamp": "2025-11-21T13:29:14.126444+00:00", "event": "artifact.download.blocked", "payload": {"job_id": null, "path": "C:\\Users\\User\\Desktop\\Nova pasta\\PROJETOS\\Omni Transcribe\\output\\job-download\\file.exe", "detail": "Extensao nao permitida."}}
{"timestamp": "2025-11-21T13:29:14.161804+00:00", "event": "artifact.download.blocked", "payload": {"job_id": null, "path": "C:\\Users\\User\\Desktop\\Nova pasta\\PROJETOS\\Omni Transcribe\\output\\job-rate\\file.txt", "detail": "Limite de downloads excedido."}}
{"timestamp": "2025-11-21T13:34:00.807696+00:00", "event": "artifact.download.blocked", "payload": {"job_id": "job-http", "path": "C:\\Users\\User\\AppData\\Local\\Temp\\pytest-of-User\\pytest-328\\test_http_routes_list_detail_r0\\missing.txt", "detail": "Caminho invalido."}}
{"timestamp": "2025-11-21T13:34:01.166960+00:00", "event": "artifact.download.blocked", "payload": {"job_id": "job-artifact-invalid", "path": "C:\\Users\\User\\Desktop\\Nova pasta\\PROJETOS\\Omni Transcribe\\output\\job-artifact-invalid\\file.txt", "detail": "Token expirado."}}
{"timestamp": "2025-11-21T13:34:02.287231+00:00", "event": "artifact.download.blocked", "payload": {"job_id": null, "path": "C:\\Users\\User\\Desktop\\Nova pasta\\PROJETOS\\Omni Transcribe\\output\\job-download-json\\out.txt", "detail": "Token invalido."}}
{"timestamp": "2025-11-21T13:34:02.299981+00:00", "event": "artifact.download.blocked", "payload": {"job_id": "job-download-html", "path": "C:\\Users\\User\\Desktop\\Nova pasta\\PROJETOS\\Omni Transcribe\\output\\missing.txt", "detail": "Arquivo nao encontrado."}}
{"timestamp": "2025-11-21T13:34:02.323145+00:00", "event": "artifact.download.blocked", "payload": {"job_id": null, "path": "C:\\Users\\User\\Desktop\\Nova pasta\\PROJETOS\\Omni Transcribe\\output\\job-download-rate\\rate.txt", "detail": "Limite de downloads excedido."}}
{"timestamp": "2025-11-21T13:34:02.431096+00:00", "event": "artifact.download.blocked", "payload": {"job_id": "job-download-missing-token", "path": "C:\\Users\\User\\Desktop\\Nova pasta\\PROJETOS\\Omni Transcribe\\output\\job-download-missing-token\\missingtoken.txt", "detail": "Token ausente para download."}}
{"timestamp": "2025-11-21T13:34:02.450752+00:00", "event": "artifact.download.blocked", "payload": {"job_id": null, "path": "C:\\Users\\User\\Desktop\\Nova pasta\\PROJETOS\\Omni Transcribe\\output\\job-download-invalid-exp\\badexp.txt", "detail": "Token invalido."}}
{"timestamp": "2025-11-21T13:34:02.506186+00:00", "event": "artifact.download.blocked", "payload": {"job_id": null, "path": "C:\\Users\\User\\Desktop\\Nova pasta\\PROJETOS\\Omni Transcribe\\output\\job-download\\file.exe", "detail": "Extensao nao permitida."}}
{"timestamp": "2025-11-21T13:34:02.537676+00:00", "event": "artifact.download.blocked", "payload": {"job_id": null, "path": "C:\\Users\\User\\Desktop\\Nova pasta\\PROJETOS\\Omni Transcribe\\output\\job-rate\\file.txt", "detail": "Limite de downloads excedido."}}
{"timestamp": "2025-11-21T13:42:56.945100+00:00", "event": "artifact.download.blocked", "payload": {"job_id": "job-http", "path": "C:\\Users\\User\\AppData\\Local\\Temp\\pytest-of-User\\pytest-329\\test_http_routes_list_detail_r0\\missing.txt", "detail": "Caminho invalido."}}
{"timestamp": "2025-11-21T13:42:58.100173+00:00", "event": "artifact.download.blocked", "payload": {"job_id": "job-artifact-invalid", "path": "C:\\Users\\User\\Desktop\\Nova pasta\\PROJETOS\\Omni Transcribe\\output\\job-artifact-invalid\\file.txt", "detail": "Token expirado."}}
{"timestamp": "2025-11-21T13:42:59.146156+00:00", "event": "artifact.download.blocked", "payload": {"job_id": null, "path": "C:\\Users\\User\\Desktop\\Nova pasta\\PROJETOS\\Omni Transcribe\\output\\job-download-json\\out.txt", "detail": "Token invalido."}}
{"timestamp": "2025-11-21T13:42:59.160524+00:00", "event": "artifact.download.blocked", "payload": {"job_id": "job-download-html", "path": "C:\\Users\\User\\Desktop\\Nova pasta\\PROJETOS\\Omni Transcribe\\output\\missing.txt", "detail": "Arquivo nao encontrado."}}
{"timestamp": "2025-11-21T13:42:59.188218+00:00", "event": "artifact.download.blocked", "payload": {"job_id": null, "path": "C:\\Users\\User\\Desktop\\Nova pasta\\PROJETOS\\Omni Transcribe\\output\\job-download-rate\\rate.txt", "detail": "Limite de downloads excedido."}}
{"timestamp": "2025-11-21T13:42:59.365001+00:00", "event": "artifact.download.blocked", "payload": {"job_id": "job-download-missing-token", "path": "C:\\Users\\User\\Desktop\\Nova pasta\\PROJETOS\\Omni Transcribe\\output\\job-download-missing-token\\missingtoken.txt", "detail": "Token ausente para download."}}
{"timestamp": "2025-11-21T13:42:59.383006+00:00", "event": "artifact.download.blocked", "payload": {"job_id": null, "path": "C:\\Users\\User\\Desktop\\Nova pasta\\PROJETOS\\Omni Transcribe\\output\\job-download-invalid-exp\\badexp.txt", "detail": "Token invalido."}}
{"timestamp": "2025-11-21T13:43:00.140041+00:00", "event": "artifact.download.blocked", "payload": {"job_id": null, "path": "C:\\Users\\User\\Desktop\\Nova pasta\\PROJETOS\\Omni Transcribe\\output\\job-download\\file.exe", "detail": "Extensao nao permitida."}}
{"timestamp": "2025-11-21T13:43:00.195726+00:00", "event": "artifact.download.blocked", "payload": {"job_id": null, "path": "C:\\Users\\User\\Desktop\\Nova pasta\\PROJETOS\\Omni Transcribe\\output\\job-rate\\file.txt", "detail": "Limite de downloads excedido."}}
{"timestamp": "2025-11-21T17:01:16.904979+00:00", "event": "artifact.download.blocked", "payload": {"job_id": "job-http", "path": "C:\\Users\\User\\AppData\\Local\\Temp\\pytest-of-User\\pytest-330\\test_http_routes_list_detail_r0\\missing.txt", "detail": "Caminho invalido."}}
{"timestamp": "2025-11-21T17:01:17.218154+00:00", "event": "artifact.download.blocked", "payload": {"job_id": "job-artifact-invalid", "path": "C:\\Users\\User\\Desktop\\Nova pasta\\PROJETOS\\Omni Transcribe\\output\\job-artifact-invalid\\file.txt", "detail": "Token expirado."}}
{"timestamp": "2025-11-21T17:01:17.551167+00:00", "event": "artifact.download.blocked", "payload": {"job_id": null, "path": "C:\\Users\\User\\Desktop\\Nova pasta\\PROJETOS\\Omni Transcribe\\output\\job-download-json\\out.txt", "detail": "Token invalido."}}
{"timestamp": "2025-11-21T17:01:17.563874+00:00", "event": "artifact.download.blocked", "payload": {"job_id": "job-download-html", "path": "C:\\Users\\User\\Desktop\\Nova pasta\\PROJETOS\\Omni Transcribe\\output\\missing.txt", "detail": "Arquivo nao encontrado."}}
{"timestamp": "2025-11-21T17:01:17.594176+00:00", "event": "artifact.download.blocked", "payload": {"job_id": null, "path": "C:\\Users\\User\\Desktop\\Nova pasta\\PROJETOS\\Omni Transcribe\\output\\job-download-rate\\rate.txt", "detail": "Limite de downloads excedido."}}
{"timestamp": "2025-11-21T17:01:17.700548+00:00", "event": "artifact.download.blocked", "payload": {"job_id": "job-download-missing-token", "path": "C:\\Users\\User\\Desktop\\Nova pasta\\PROJETOS\\Omni Transcribe\\output\\job-download-missing-token\\missingtoken.txt", "detail": "Token ausente para download."}}
{"timestamp": "2025-11-21T17:01:17.715015+00:00", "event": "artifact.download.blocked", "payload": {"job_id": null, "path": "C:\\Users\\User\\Desktop\\Nova pasta\\PROJETOS\\Omni Transcribe\\output\\job-download-invalid-exp\\badexp.txt", "detail": "Token invalido."}}
{"timestamp": "2025-11-21T17:01:17.812657+00:00", "event": "artifact.download.blocked", "payload": {"job_id": null, "path": "C:\\Users\\User\\Desktop\\Nova pasta\\PROJETOS\\Omni Transcribe\\output\\job-download\\file.exe", "detail": "Extensao nao permitida."}}
{"timestamp": "2025-11-21T17:01:17.847354+00:00", "event": "artifact.download.blocked", "payload": {"job_id": null, "path": "C:\\Users\\User\\Desktop\\Nova pasta\\PROJETOS\\Omni Transcribe\\output\\job-rate\\file.txt", "detail": "Limite de downloads excedido."}}
{"timestamp": "2025-11-21T17:04:18.018165+00:00", "event": "artifact.download.blocked", "payload": {"job_id": "job-http", "path": "C:\\Users\\User\\AppData\\Local\\Temp\\pytest-of-User\\pytest-333\\test_http_routes_list_detail_r0\\missing.txt", "detail": "Caminho invalido."}}
{"timestamp": "2025-11-21T17:04:18.381879+00:00", "event": "artifact.download.blocked", "payload": {"job_id": "job-artifact-invalid", "path": "C:\\Users\\User\\Desktop\\Nova pasta\\PROJETOS\\Omni Transcribe\\output\\job-artifact-invalid\\file.txt", "detail": "Token expirado."}}
{"timestamp": "2025-11-21T17:04:18.681723+00:00", "event": "artifact.download.blocked", "payload": {"job_id": null, "path": "C:\\Users\\User\\Desktop\\Nova pasta\\PROJETOS\\Omni Transcribe\\output\\job-download-json\\out.txt", "detail": "Token invalido."}}
{"timestamp": "2025-11-21T17:04:18.693402+00:00", "event": "artifact.download.blocked", "payload": {"job_id": "job-download-html", "path": "C:\\Users\\User\\Desktop\\Nova pasta\\PROJETOS\\Omni Transcribe\\output\\missing.txt", "detail": "Arquivo nao encontrado."}}
{"timestamp": "2025-11-21T17:04:18.715358+00:00", "event": "artifact.download.blocked", "payload": {"job_id": null, "path": "C:\\Users\\User\\Desktop\\Nova pasta\\PROJETOS\\Omni Transcribe\\output\\job-download-rate\\rate.txt", "detail": "Limite de downloads excedido."}}
{"timestamp": "2025-11-21T17:04:18.858735+00:00", "event": "artifact.download.blocked", "payload": {"job_id": "job-download-missing-token", "path": "C:\\Users\\User\\Desktop\\Nova pasta\\PROJETOS\\Omni Transcribe\\output\\job-download-missing-token\\missingtoken.txt", "detail": "Token ausente para download."}}
{"timestamp": "2025-11-21T17:04:18.873382+00:00", "event": "artifact.download.blocked", "payload": {"job_id": null, "path": "C:\\Users\\User\\Desktop\\Nova pasta\\PROJETOS\\Omni Transcribe\\output\\job-download-invalid-exp\\badexp.txt", "detail": "Token invalido."}}
{"timestamp": "2025-11-21T17:04:18.918168+00:00", "event": "artifact.download.blocked", "payload": {"job_id": null, "path": "C:\\Users\\User\\Desktop\\Nova pasta\\PROJETOS\\Omni Transcribe\\output\\job-download\\file.exe", "detail": "Extensao nao permitida."}}
{"timestamp": "2025-11-21T17:04:18.953657+00:00", "event": "artifact.download.blocked", "payload": {"job_id": null, "path": "C:\\Users\\User\\Desktop\\Nova pasta\\PROJETOS\\Omni Transcribe\\output\\job-rate\\file.txt", "detail": "Limite de downloads excedido."}}
{"timestamp": "2025-11-21T17:16:06.850945+00:00", "event": "artifact.download.blocked", "payload": {"job_id": "job-http", "path": "C:\\Users\\User\\AppData\\Local\\Temp\\pytest-of-User\\pytest-334\\test_http_routes_list_detail_r0\\missing.txt", "detail": "Caminho invalido."}}
{"timestamp": "2025-11-21T17:16:07.054889+00:00", "event": "artifact.download.blocked", "payload": {"job_id": "job-artifact-invalid", "path": "C:\\Users\\User\\Desktop\\Nova pasta\\PROJETOS\\Omni Transcribe\\output\\job-artifact-invalid\\file.txt", "detail": "Token expirado."}}
{"timestamp": "2025-11-21T17:16:07.919955+00:00", "event": "artifact.download.blocked", "payload": {"job_id": null, "path": "C:\\Users\\User\\Desktop\\Nova pasta\\PROJETOS\\Omni Transcribe\\output\\job-download-json\\out.txt", "detail": "Token invalido."}}
{"timestamp": "2025-11-21T17:16:07.931616+00:00", "event": "artifact.download.blocked", "payload": {"job_id": "job-download-html", "path": "C:\\Users\\User\\Desktop\\Nova pasta\\PROJETOS\\Omni Transcribe\\output\\missing.txt", "detail": "Arquivo nao encontrado."}}
{"timestamp": "2025-11-21T17:16:07.953658+00:00", "event": "artifact.download.blocked", "payload": {"job_id": null, "path": "C:\\Users\\User\\Desktop\\Nova pasta\\PROJETOS\\Omni Transcribe\\output\\job-download-rate\\rate.txt", "detail": "Limite de downloads excedido."}}
{"timestamp": "2025-11-21T17:16:08.823159+00:00", "event": "artifact.download.blocked", "payload": {"job_id": "job-download-missing-token", "path": "C:\\Users\\User\\Desktop\\Nova pasta\\PROJETOS\\Omni Transcribe\\output\\job-download-missing-token\\missingtoken.txt", "detail": "Token ausente para download."}}
{"timestamp": "2025-11-21T17:16:08.835876+00:00", "event": "artifact.download.blocked", "payload": {"job_id": null, "path": "C:\\Users\\User\\Desktop\\Nova pasta\\PROJETOS\\Omni Transcribe\\output\\job-download-invalid-exp\\badexp.txt", "detail": "Token invalido."}}
{"timestamp": "2025-11-21T17:16:08.877743+00:00", "event": "artifact.download.blocked", "payload": {"job_id": null, "path": "C:\\Users\\User\\Desktop\\Nova pasta\\PROJETOS\\Omni Transcribe\\output\\job-download\\file.exe", "detail": "Extensao nao permitida."}}
{"timestamp": "2025-11-21T17:16:08.909019+00:00", "event": "artifact.download.blocked", "payload": {"job_id": null, "path": "C:\\Users\\User\\Desktop\\Nova pasta\\PROJETOS\\Omni Transcribe\\output\\job-rate\\file.txt", "detail": "Limite de downloads excedido."}}
